#
# A fatal error has been detected by the Java Runtime Environment:
#
#  EXCEPTION_ACCESS_VIOLATION (0xc0000005) at pc=0x00007ffebf9cdbfa, pid=12172, tid=14768
#
# JRE version: OpenJDK Runtime Environment Temurin-17.0.9+9 (17.0.9+9) (build 17.0.9+9)
# Java VM: OpenJDK 64-Bit Server VM Temurin-17.0.9+9 (17.0.9+9, mixed mode, sharing, tiered, compressed oops, compressed class ptrs, g1 gc, windows-amd64)
# Problematic frame:
# V  [jvm.dll+0x7adbfa]
#
# No core dump will be written. Minidumps are not enabled by default on client versions of Windows
#
# If you would like to submit a bug report, please visit:
#   https://github.com/adoptium/adoptium-support/issues
#

---------------  S U M M A R Y ------------

Command Line: -agentlib:jdwp=transport=dt_socket,server=n,suspend=y,address=localhost:63309 -XX:+ShowCodeDetailsInExceptionMessages com.hotelapi.demo.HotelapiApplication

Host: Intel(R) Core(TM) i7-5600U CPU @ 2.60GHz, 4 cores, 14G,  Windows 10 , 64 bit Build 19041 (10.0.19041.3636)
Time: Sun Apr 14 21:27:53 2024 W. Europe Summer Time elapsed time: 5.048297 seconds (0d 0h 0m 5s)

---------------  T H R E A D  ---------------

Current thread (0x00000220257964e0):  JavaThread "main" [_thread_in_vm, id=14768, stack(0x000000ab2dd00000,0x000000ab2de00000)]

Stack: [0x000000ab2dd00000,0x000000ab2de00000],  sp=0x000000ab2ddfc610,  free space=1009k
Native frames: (J=compiled Java code, j=interpreted, Vv=VM code, C=native code)
V  [jvm.dll+0x7adbfa]
V  [jvm.dll+0x7aef5c]
V  [jvm.dll+0x7af7d3]
V  [jvm.dll+0x1ea786]
V  [jvm.dll+0x1ecf0c]
V  [jvm.dll+0x1e23d1]
V  [jvm.dll+0x54305e]
V  [jvm.dll+0x1f2e27]
V  [jvm.dll+0x7adb8b]
V  [jvm.dll+0x7aef5c]
V  [jvm.dll+0x7af7d3]
V  [jvm.dll+0x1ed284]
V  [jvm.dll+0x1e23ea]
V  [jvm.dll+0x54305e]
V  [jvm.dll+0x1f2e27]
V  [jvm.dll+0x7adb8b]
V  [jvm.dll+0x7aef5c]
V  [jvm.dll+0x7af2a8]
V  [jvm.dll+0x2401ee]
V  [jvm.dll+0x382e4e]
C  0x00000220348076ee

The last pc belongs to new (printed below).
Java frames: (J=compiled Java code, j=interpreted, Vv=VM code)
j  java.util.stream.Nodes.<clinit>()V+0 java.base@17.0.9
v  ~StubRoutines::call_stub
j  java.util.stream.ReferencePipeline.makeNodeBuilder(JLjava/util/function/IntFunction;)Ljava/util/stream/Node$Builder;+2 java.base@17.0.9
j  java.util.stream.AbstractPipeline.evaluate(Ljava/util/Spliterator;ZLjava/util/function/IntFunction;)Ljava/util/stream/Node;+23 java.base@17.0.9
j  java.util.stream.AbstractPipeline.evaluateToArrayNode(Ljava/util/function/IntFunction;)Ljava/util/stream/Node;+74 java.base@17.0.9
j  java.util.stream.ReferencePipeline.toArray(Ljava/util/function/IntFunction;)[Ljava/lang/Object;+4 java.base@17.0.9
j  java.util.stream.ReferencePipeline.toArray()[Ljava/lang/Object;+6 java.base@17.0.9
j  java.util.stream.ReferencePipeline.toList()Ljava/util/List;+4 java.base@17.0.9
j  org.springframework.core.io.support.SpringFactoriesLoader.toDistinctUnmodifiableList(Ljava/lang/String;Ljava/util/List;)Ljava/util/List;+11
j  org.springframework.core.io.support.SpringFactoriesLoader$$Lambda$15+0x0000022049025c68.apply(Ljava/lang/Object;Ljava/lang/Object;)Ljava/lang/Object;+8
j  java.util.LinkedHashMap.replaceAll(Ljava/util/function/BiFunction;)V+36 java.base@17.0.9
j  org.springframework.core.io.support.SpringFactoriesLoader.loadFactoriesResource(Ljava/lang/ClassLoader;Ljava/lang/String;)Ljava/util/Map;+68
j  org.springframework.core.io.support.SpringFactoriesLoader.lambda$forResourceLocation$2(Ljava/lang/ClassLoader;Ljava/lang/ClassLoader;Ljava/lang/String;Ljava/lang/String;)Lorg/springframework/core/io/support/SpringFactoriesLoader;+7
j  org.springframework.core.io.support.SpringFactoriesLoader$$Lambda$10+0x00000220490264b8.apply(Ljava/lang/Object;)Ljava/lang/Object;+16
j  java.util.concurrent.ConcurrentMap.computeIfAbsent(Ljava/lang/Object;Ljava/util/function/Function;)Ljava/lang/Object;+19 java.base@17.0.9
j  org.springframework.core.io.support.SpringFactoriesLoader.forResourceLocation(Ljava/lang/String;Ljava/lang/ClassLoader;)Lorg/springframework/core/io/support/SpringFactoriesLoader;+48
j  org.springframework.core.io.support.SpringFactoriesLoader.forDefaultResourceLocation(Ljava/lang/ClassLoader;)Lorg/springframework/core/io/support/SpringFactoriesLoader;+3
j  org.springframework.boot.SpringApplication.getSpringFactoriesInstances(Ljava/lang/Class;Lorg/springframework/core/io/support/SpringFactoriesLoader$ArgumentResolver;)Ljava/util/List;+4
j  org.springframework.boot.SpringApplication.getSpringFactoriesInstances(Ljava/lang/Class;)Ljava/util/List;+3
j  org.springframework.boot.SpringApplication.<init>(Lorg/springframework/core/io/ResourceLoader;[Ljava/lang/Class;)V+119
j  org.springframework.boot.SpringApplication.<init>([Ljava/lang/Class;)V+3
j  org.springframework.boot.SpringApplication.run([Ljava/lang/Class;[Ljava/lang/String;)Lorg/springframework/context/ConfigurableApplicationContext;+5
j  org.springframework.boot.SpringApplication.run(Ljava/lang/Class;[Ljava/lang/String;)Lorg/springframework/context/ConfigurableApplicationContext;+9
j  com.hotelapi.demo.HotelapiApplication.main([Ljava/lang/String;)V+3
v  ~StubRoutines::call_stub

siginfo: EXCEPTION_ACCESS_VIOLATION (0xc0000005), reading address 0x000002c68d280500


Registers:
RAX=0x0000000093c70004, RBX=0x000002c68d280500, RCX=0x00000220474f0b80, RDX=0x0000000093c70003
RSP=0x000000ab2ddfc610, RBP=0x000000ab2ddfc6e9, RSI=0x000002204905ea98, RDI=0x0000000000000000
R8 =0x000002202578ed60, R9 =0x0000000000000001, R10=0x0000000000008000, R11=0x000000ab2ddfc5b0
R12=0x000002204905ea98, R13=0x00000220257964e0, R14=0x0000022023669b70, R15=0x000002204905ea98
RIP=0x00007ffebf9cdbfa, EFLAGS=0x0000000000010202


Register to memory mapping:

RIP=0x00007ffebf9cdbfa jvm.dll
RAX=0x0000000093c70004 is an unknown value
RBX=0x000002c68d280500 is an unknown value
RCX=0x00000220474f0b80 points into unknown readable memory: 0x616a001093c70003 | 03 00 c7 93 10 00 6a 61
RDX=0x0000000093c70003 is an unknown value
RSP=0x000000ab2ddfc610 is pointing into the stack for thread: 0x00000220257964e0
RBP=0x000000ab2ddfc6e9 is pointing into the stack for thread: 0x00000220257964e0
RSI=0x000002204905ea98 is a pointer to class: 
java.util.stream.Node {0x000002204905eaa0}
 - instance size:     2
 - klass size:        63
 - access:            interface abstract 
 - state:             loaded
 - name:              'java/util/stream/Node'
 - super:             'java/lang/Object'
 - sub:               
 - nof implementors:  0
 - arrays:            NULL
 - methods:           Array<T>(0x000002208916c168)
 - method ordering:   Array<T>(0x000002208916c948)
 - default_methods:   Array<T>(0x0000000000000000)
 - local interfaces:  Array<T>(0x00000220485bbc80)
 - trans. interfaces: Array<T>(0x00000220485bbc80)
 - constants:         constant pool [147]/operands[7] {0x000002208916bbe8} for 'java/util/stream/Node'
 - class loader data:  loader data: 0x0000022046fb7c60 of 'bootstrap'
 - source file:       'Node.java'
 - class annotations:       Array<T>(0x0000000000000000)
 - class type annotations:  Array<T>(0x0000000000000000)
 - field annotations:       Array<T>(0x0000000000000000)
 - field type annotations:  Array<T>(0x0000000000000000)
 - generic signature: '<T:Ljava/lang/Object;>Ljava/lang/Object;'
 - inner classes:     Array<T>(0x000002208916c8d8)
 - nest members:     Array<T>(0x000002208916c930)
 - permitted subclasses:     Array<T>(0x00000220485bbc10)
 - java mirror:       a 'java/lang/Class'{0x0000000723c71e48} = 'java/util/stream/Node'
 - vtable length      5  (start addr: 0x000002204905ec60)
 - itable length      0 (start addr: 0x000002204905ec88)
 - ---- static fields (0 words):
 - ---- non-static fields (0 words):
 - non-static oop maps: 
RDI=0x0 is NULL
R8 =0x000002202578ed60 points into unknown readable memory: 0x0000000000000000 | 00 00 00 00 00 00 00 00
R9 =0x0000000000000001 is an unknown value
R10=0x0000000000008000 is an unknown value
R11=0x000000ab2ddfc5b0 is pointing into the stack for thread: 0x00000220257964e0
R12=0x000002204905ea98 is a pointer to class: 
java.util.stream.Node {0x000002204905eaa0}
 - instance size:     2
 - klass size:        63
 - access:            interface abstract 
 - state:             loaded
 - name:              'java/util/stream/Node'
 - super:             'java/lang/Object'
 - sub:               
 - nof implementors:  0
 - arrays:            NULL
 - methods:           Array<T>(0x000002208916c168)
 - method ordering:   Array<T>(0x000002208916c948)
 - default_methods:   Array<T>(0x0000000000000000)
 - local interfaces:  Array<T>(0x00000220485bbc80)
 - trans. interfaces: Array<T>(0x00000220485bbc80)
 - constants:         constant pool [147]/operands[7] {0x000002208916bbe8} for 'java/util/stream/Node'
 - class loader data:  loader data: 0x0000022046fb7c60 of 'bootstrap'
 - source file:       'Node.java'
 - class annotations:       Array<T>(0x0000000000000000)
 - class type annotations:  Array<T>(0x0000000000000000)
 - field annotations:       Array<T>(0x0000000000000000)
 - field type annotations:  Array<T>(0x0000000000000000)
 - generic signature: '<T:Ljava/lang/Object;>Ljava/lang/Object;'
 - inner classes:     Array<T>(0x000002208916c8d8)
 - nest members:     Array<T>(0x000002208916c930)
 - permitted subclasses:     Array<T>(0x00000220485bbc10)
 - java mirror:       a 'java/lang/Class'{0x0000000723c71e48} = 'java/util/stream/Node'
 - vtable length      5  (start addr: 0x000002204905ec60)
 - itable length      0 (start addr: 0x000002204905ec88)
 - ---- static fields (0 words):
 - ---- non-static fields (0 words):
 - non-static oop maps: 
R13=0x00000220257964e0 is a thread
R14=0x0000022023669b70 points into unknown readable memory: 0x0074007800000002 | 02 00 00 00 78 00 74 00
R15=0x000002204905ea98 is a pointer to class: 
java.util.stream.Node {0x000002204905eaa0}
 - instance size:     2
 - klass size:        63
 - access:            interface abstract 
 - state:             loaded
 - name:              'java/util/stream/Node'
 - super:             'java/lang/Object'
 - sub:               
 - nof implementors:  0
 - arrays:            NULL
 - methods:           Array<T>(0x000002208916c168)
 - method ordering:   Array<T>(0x000002208916c948)
 - default_methods:   Array<T>(0x0000000000000000)
 - local interfaces:  Array<T>(0x00000220485bbc80)
 - trans. interfaces: Array<T>(0x00000220485bbc80)
 - constants:         constant pool [147]/operands[7] {0x000002208916bbe8} for 'java/util/stream/Node'
 - class loader data:  loader data: 0x0000022046fb7c60 of 'bootstrap'
 - source file:       'Node.java'
 - class annotations:       Array<T>(0x0000000000000000)
 - class type annotations:  Array<T>(0x0000000000000000)
 - field annotations:       Array<T>(0x0000000000000000)
 - field type annotations:  Array<T>(0x0000000000000000)
 - generic signature: '<T:Ljava/lang/Object;>Ljava/lang/Object;'
 - inner classes:     Array<T>(0x000002208916c8d8)
 - nest members:     Array<T>(0x000002208916c930)
 - permitted subclasses:     Array<T>(0x00000220485bbc10)
 - java mirror:       a 'java/lang/Class'{0x0000000723c71e48} = 'java/util/stream/Node'
 - vtable length      5  (start addr: 0x000002204905ec60)
 - itable length      0 (start addr: 0x000002204905ec88)
 - ---- static fields (0 words):
 - ---- non-static fields (0 words):
 - non-static oop maps: 


Top of Stack: (sp=0x000000ab2ddfc610)
0x000000ab2ddfc610:   00000220474f0b80 0000000000000000
0x000000ab2ddfc620:   0000000000000000 0000000000000018
0x000000ab2ddfc630:   0000000000000018 0000022000000000
0x000000ab2ddfc640:   0000000000000001 00007ffebf88f8c1
0x000000ab2ddfc650:   000002208d2811b0 000002208d2884e8
0x000000ab2ddfc660:   00000000000083b0 0000000000000001
0x000000ab2ddfc670:   000002208d280500 0000000000000007
0x000000ab2ddfc680:   0000000002fe7aad 00007ffebf2c6b00
0x000000ab2ddfc690:   0000022025774140 0000000000001bfc
0x000000ab2ddfc6a0:   0000000002fe7ab5 0000000000000000
0x000000ab2ddfc6b0:   00000220257745a0 00007ffe00000000
0x000000ab2ddfc6c0:   00000b209f4c1744 0000000000000000
0x000000ab2ddfc6d0:   0000000000000000 0000000000000000
0x000000ab2ddfc6e0:   00000000245dad39 0000000000000001
0x000000ab2ddfc6f0:   000002202581a140 0000022046fb7c60
0x000000ab2ddfc700:   000002208d5846f0 00007ffebf8c5037
0x000000ab2ddfc710:   00000220257964e0 0000000000000000
0x000000ab2ddfc720:   000002204856cf00 00000000245dad39
0x000000ab2ddfc730:   0000000000000000 000002202578ed30
0x000000ab2ddfc740:   0000000000000000 00007ffebf9cef5c
0x000000ab2ddfc750:   000002204856cf00 0000000000000000
0x000000ab2ddfc760:   0000000000000000 00000220474ac080
0x000000ab2ddfc770:   0000022000000001 0000000000000000
0x000000ab2ddfc780:   00000220257964e0 000002204700f2b8
0x000000ab2ddfc790:   0000022046fb8fa0 0000000000000000
0x000000ab2ddfc7a0:   0000000000000000 0000000000000000
0x000000ab2ddfc7b0:   0000000049da0000 000002204700f2b8
0x000000ab2ddfc7c0:   00000220257964e0 00007ffebf86d4a3
0x000000ab2ddfc7d0:   00000220257964e0 0000000000000000
0x000000ab2ddfc7e0:   0000000000000000 00000220257964e0
0x000000ab2ddfc7f0:   0000022023669170 00000220236775e0
0x000000ab2ddfc800:   0000022023677600 00000220236776c8 

Instructions: (pc=0x00007ffebf9cdbfa)
0x00007ffebf9cdafa:   33 c9 4c 89 6c 24 28 4c 8b c6 48 8b d7 48 89 44
0x00007ffebf9cdb0a:   24 20 49 8b cc e8 9c 02 00 00 4c 8b f8 49 39 75
0x00007ffebf9cdb1a:   08 74 2b 41 8b 84 24 a4 00 00 00 c1 e8 19 a8 01
0x00007ffebf9cdb2a:   74 0e b8 00 01 00 00 66 41 09 84 24 36 01 00 00
0x00007ffebf9cdb3a:   48 8d 4d 8f e8 3d e2 ee ff e9 a1 00 00 00 48 8d
0x00007ffebf9cdb4a:   4d 8f e8 2f e2 ee ff 4d 85 ff 75 4e 40 38 35 e4
0x00007ffebf9cdb5a:   b2 36 00 48 8b 05 5c ab 3c 00 48 89 45 c7 40 88
0x00007ffebf9cdb6a:   75 bf 48 89 75 af 74 09 48 8d 4d af e8 e5 4b 04
0x00007ffebf9cdb7a:   00 0f b6 55 6f 4d 8b c5 48 8b 4d 67 e8 25 51 a4
0x00007ffebf9cdb8a:   ff 48 8d 4d af 4c 8b f8 49 39 75 08 74 07 e8 e3
0x00007ffebf9cdb9a:   e1 ee ff eb 4a e8 dc e1 ee ff 4d 8b e7 4d 85 ff
0x00007ffebf9cdbaa:   74 3a 48 8b 4d 67 4d 8b cd 4d 8b c7 48 8b d7 e8
0x00007ffebf9cdbba:   52 ee ff ff 4c 8b f8 49 39 75 08 74 1f 41 8b 84
0x00007ffebf9cdbca:   24 a4 00 00 00 c1 e8 19 a8 01 74 13 b8 00 01 00
0x00007ffebf9cdbda:   00 66 41 09 84 24 36 01 00 00 eb 03 49 8b f7 48
0x00007ffebf9cdbea:   85 db 74 08 48 8b cb e8 8a 32 ff ff 48 8b 5d 87
0x00007ffebf9cdbfa:   48 83 3b 00 74 15 48 8b 54 24 50 49 8b ce e8 43
0x00007ffebf9cdc0a:   f0 8f ff 48 8b cb e8 1b f0 8f ff 48 8b 44 24 40
0x00007ffebf9cdc1a:   49 39 46 18 0f 84 6e 01 00 00 49 89 46 18 48 8b
0x00007ffebf9cdc2a:   44 24 48 49 89 5e 10 e9 58 01 00 00 49 8b 46 20
0x00007ffebf9cdc3a:   4d 8b 7e 10 4d 8b 66 18 49 8b 88 a0 04 00 00 48
0x00007ffebf9cdc4a:   89 44 24 40 49 8b 46 28 48 89 44 24 48 48 8b 05
0x00007ffebf9cdc5a:   6a aa 3c 00 48 89 45 ef 48 8b 05 67 aa 3c 00 48
0x00007ffebf9cdc6a:   89 45 f7 48 8b 05 64 aa 3c 00 48 89 45 ff 48 8d
0x00007ffebf9cdc7a:   41 64 48 89 45 07 48 8d 41 78 48 8d 4d d7 48 89
0x00007ffebf9cdc8a:   45 0f c6 45 e7 00 48 89 75 d7 89 75 17 e8 94 4e
0x00007ffebf9cdc9a:   a4 ff 4d 8b c5 48 8d 4d 6f 48 8b d3 e8 f5 2b be
0x00007ffebf9cdcaa:   ff 49 39 75 08 0f 85 9c 00 00 00 48 8b 55 6f 48
0x00007ffebf9cdcba:   8d 4d 7f 41 b9 2e 00 00 00 4c 89 6c 24 20 45 8d
0x00007ffebf9cdcca:   41 01 e8 bf fa bd ff 49 39 75 08 75 7a 48 8b 45
0x00007ffebf9cdcda:   7f 48 8d 4c 24 50 4c 8b 0d 29 5a 3f 00 48 8b d7
0x00007ffebf9cdcea:   4c 8b 05 cf c7 40 00 4c 89 6c 24 30 48 89 44 24 


Stack slot to memory mapping:
stack at sp + 0 slots: 0x00000220474f0b80 points into unknown readable memory: 0x616a001093c70003 | 03 00 c7 93 10 00 6a 61
stack at sp + 1 slots: 0x0 is NULL
stack at sp + 2 slots: 0x0 is NULL
stack at sp + 3 slots: 0x0000000000000018 is an unknown value
stack at sp + 4 slots: 0x0000000000000018 is an unknown value
stack at sp + 5 slots: 0x0000022000000000 is an unknown value
stack at sp + 6 slots: 0x0000000000000001 is an unknown value
stack at sp + 7 slots: 0x00007ffebf88f8c1 jvm.dll

new  187 new  [0x0000022034807560, 0x0000022034807840]  736 bytes
[MachCode]
  0x0000022034807560: 4883 ec08 | c5fa 1104 | 24eb 1f48 | 83ec 10c5 | fb11 0424 | eb14 4883 | ec10 4889 | 0424 48c7 
  0x0000022034807580: 4424 0800 | 0000 00eb | 0150 410f | b755 010f | cac1 ea10 | 488b 4de8 | 488b 4908 | 488b 4908 
  0x00000220348075a0: 488b 4108 | 807c 1004 | 070f 85df | 0000 0066 | 8b54 d148 | 488b 4928 | 488b 4cd1 | 0851 80b9 
  0x00000220348075c0: 3301 0000 | 040f 85c2 | 0000 008b | 5108 f7c2 | 0100 0000 | 0f85 b300 | 0000 498b | 8708 0100 
  0x00000220348075e0: 0048 8d1c | 1049 3b9f | 1801 0000 | 0f87 9b00 | 0000 4989 | 9f08 0100 | 00e9 0000 | 0000 4883 
  0x0000022034807600: ea10 0f84 | 0f00 0000 | 33c9 c1ea | 0348 894c | d008 48ff | ca75 f648 | c700 0100 | 0000 5933 
  0x0000022034807620: f689 700c | 49ba 0000 | 0048 2002 | 0000 492b | ca89 4808 | 49ba 2f35 | dabf fe7f | 0000 4180 
  0x0000022034807640: 3a00 0f84 | 4000 0000 | 5048 8bc8 | 4883 ec20 | f7c4 0f00 | 0000 0f84 | 1a00 0000 | 4883 ec08 
  0x0000022034807660: 49ba e02b | 90bf fe7f | 0000 41ff | d248 83c4 | 08e9 0d00 | 0000 49ba | e02b 90bf | fe7f 0000 
  0x0000022034807680: 41ff d248 | 83c4 2058 | e992 0100 | 0059 488b | 55e8 488b | 5208 488b | 5208 450f | b745 0141 
  0x00000220348076a0: 0fc8 41c1 | e810 e805 | 0000 00e9 | 6f01 0000 | 488d 4424 | 084c 896d | c049 8bcf | c5f8 7749 
  0x00000220348076c0: 89af a802 | 0000 4989 | 8798 0200 | 0048 83ec | 20f7 c40f | 0000 000f | 841a 0000 | 0048 83ec 
  0x00000220348076e0: 0849 ba00 | 2e5a bffe | 7f00 0041 | ffd2 4883 | c408 e90d | 0000 0049 | ba00 2e5a | bffe 7f00 
  0x0000022034807700: 0041 ffd2 | 4883 c420 | 49c7 8798 | 0200 0000 | 0000 0049 | c787 a802 | 0000 0000 | 0000 49c7 
  0x0000022034807720: 87a0 0200 | 0000 0000 | 00c5 f877 | 418b 8f0c | 0400 00f7 | c101 0000 | 000f 8449 | 0000 00f7 
  0x0000022034807740: c102 0000 | 000f 853d | 0000 0048 | 83ec 20f7 | c40f 0000 | 000f 841a | 0000 0048 | 83ec 0849 
  0x0000022034807760: ba90 085a | bffe 7f00 | 0041 ffd2 | 4883 c408 | e90d 0000 | 0049 ba90 | 085a bffe | 7f00 0041 
  0x0000022034807780: ffd2 4883 | c420 ffe0 | 498b 8f90 | 0400 0048 | 85c9 0f84 | 5900 0000 | 8b89 8c00 | 0000 83f9 
  0x00000220348077a0: 010f 854a | 0000 0049 | 8b8f 9004 | 0000 8b89 | 9000 0000 | 4883 ec20 | f7c4 0f00 | 0000 0f84 
  0x00000220348077c0: 1a00 0000 | 4883 ec08 | 49ba 8008 | 5abf fe7f | 0000 41ff | d248 83c4 | 08e9 0d00 | 0000 49ba 
  0x00000220348077e0: 8008 5abf | fe7f 0000 | 41ff d248 | 83c4 20ff | e049 817f | 0800 0000 | 000f 8405 | 0000 00e9 
  0x0000022034807800: fc96 fdff | 498b 87f0 | 0200 0049 | c787 f002 | 0000 0000 | 0000 4c8b | 6dc0 4c8b | 75c8 c341 
  0x0000022034807820: 0fb6 5d03 | 4983 c503 | 49ba 909a | dcbf fe7f | 0000 41ff | 24da 6690 | 0000 0000 | 0000 0000 
[/MachCode]

---------------  P R O C E S S  ---------------

Threads class SMR info:
_java_thread_list=0x000002208d538f20, length=16, elements={
0x00000220257964e0, 0x00000220470ed060, 0x00000220470ee390, 0x0000022047438790,
0x0000022047439060, 0x000002204743a940, 0x000002204743f220, 0x000002204743fe20,
0x00000220474453c0, 0x000002204744b3d0, 0x0000022047598cf0, 0x000002204759cdb0,
0x00000220475a32d0, 0x00000220475a7350, 0x00000220475ab4b0, 0x000002208d374ea0
}

Java Threads: ( => current thread )
=>0x00000220257964e0 JavaThread "main" [_thread_in_vm, id=14768, stack(0x000000ab2dd00000,0x000000ab2de00000)]
  0x00000220470ed060 JavaThread "Reference Handler" daemon [_thread_blocked, id=11424, stack(0x000000ab2e400000,0x000000ab2e500000)]
  0x00000220470ee390 JavaThread "Finalizer" daemon [_thread_blocked, id=5172, stack(0x000000ab2e500000,0x000000ab2e600000)]
  0x0000022047438790 JavaThread "Signal Dispatcher" daemon [_thread_blocked, id=15080, stack(0x000000ab2e600000,0x000000ab2e700000)]
  0x0000022047439060 JavaThread "Attach Listener" daemon [_thread_blocked, id=1836, stack(0x000000ab2e700000,0x000000ab2e800000)]
  0x000002204743a940 JavaThread "Service Thread" daemon [_thread_blocked, id=7652, stack(0x000000ab2e800000,0x000000ab2e900000)]
  0x000002204743f220 JavaThread "Monitor Deflation Thread" daemon [_thread_blocked, id=7556, stack(0x000000ab2e900000,0x000000ab2ea00000)]
  0x000002204743fe20 JavaThread "C2 CompilerThread0" daemon [_thread_blocked, id=14892, stack(0x000000ab2ea00000,0x000000ab2eb00000)]
  0x00000220474453c0 JavaThread "C1 CompilerThread0" daemon [_thread_blocked, id=14896, stack(0x000000ab2eb00000,0x000000ab2ec00000)]
  0x000002204744b3d0 JavaThread "Sweeper thread" daemon [_thread_blocked, id=15488, stack(0x000000ab2ec00000,0x000000ab2ed00000)]
  0x0000022047598cf0 JavaThread "JDWP Transport Listener: dt_socket" daemon [_thread_blocked, id=15964, stack(0x000000ab2ed00000,0x000000ab2ee00000)]
  0x000002204759cdb0 JavaThread "JDWP Event Helper Thread" daemon [_thread_blocked, id=11272, stack(0x000000ab2ee00000,0x000000ab2ef00000)]
  0x00000220475a32d0 JavaThread "JDWP Command Reader" daemon [_thread_in_native, id=15028, stack(0x000000ab2ef00000,0x000000ab2f000000)]
  0x00000220475a7350 JavaThread "Notification Thread" daemon [_thread_blocked, id=1132, stack(0x000000ab2f000000,0x000000ab2f100000)]
  0x00000220475ab4b0 JavaThread "Common-Cleaner" daemon [_thread_blocked, id=14488, stack(0x000000ab2f200000,0x000000ab2f300000)]
  0x000002208d374ea0 JavaThread "C2 CompilerThread1" daemon [_thread_blocked, id=7192, stack(0x000000ab2f300000,0x000000ab2f400000)]

Other Threads:
  0x00000220470e8000 VMThread "VM Thread" [stack: 0x000000ab2e300000,0x000000ab2e400000] [id=9592]
  0x00000220475a7830 WatcherThread [stack: 0x000000ab2f100000,0x000000ab2f200000] [id=15344]
  0x0000022025802530 GCTaskThread "GC Thread#0" [stack: 0x000000ab2de00000,0x000000ab2df00000] [id=12120]
  0x0000022025813580 ConcurrentGCThread "G1 Main Marker" [stack: 0x000000ab2df00000,0x000000ab2e000000] [id=14672]
  0x0000022025813eb0 ConcurrentGCThread "G1 Conc#0" [stack: 0x000000ab2e000000,0x000000ab2e100000] [id=14772]
  0x0000022046fa5700 ConcurrentGCThread "G1 Refine#0" [stack: 0x000000ab2e100000,0x000000ab2e200000] [id=14724]
  0x000002202584e7c0 ConcurrentGCThread "G1 Service" [stack: 0x000000ab2e200000,0x000000ab2e300000] [id=14720]

Threads with active compile tasks:

VM state: not at safepoint (normal execution)

VM Mutex/Monitor currently owned by a thread: None

Heap address: 0x0000000715c00000, size: 3748 MB, Compressed Oops mode: Zero based, Oop shift amount: 3

CDS archive(s) mapped at: [0x0000022048000000-0x0000022048ba0000-0x0000022048ba0000), size 12189696, SharedBaseAddress: 0x0000022048000000, ArchiveRelocationMode: 1.
Compressed class space mapped at: 0x0000022049000000-0x0000022089000000, reserved size: 1073741824
Narrow klass base: 0x0000022048000000, Narrow klass shift: 0, Narrow klass range: 0x100000000

GC Precious Log:
 CPUs: 4 total, 4 available
 Memory: 14987M
 Large Page Support: Disabled
 NUMA Support: Disabled
 Compressed Oops: Enabled (Zero based)
 Heap Region Size: 2M
 Heap Min Capacity: 8M
 Heap Initial Capacity: 236M
 Heap Max Capacity: 3748M
 Pre-touch: Disabled
 Parallel Workers: 4
 Concurrent Workers: 1
 Concurrent Refinement Workers: 4
 Periodic GC: Disabled

Heap:
 garbage-first heap   total 241664K, used 8192K [0x0000000715c00000, 0x0000000800000000)
  region size 2048K, 6 young (12288K), 0 survivors (0K)
 Metaspace       used 2743K, committed 2880K, reserved 1114112K
  class space    used 267K, committed 320K, reserved 1048576K

Heap Regions: E=young(eden), S=young(survivor), O=old, HS=humongous(starts), HC=humongous(continues), CS=collection set, F=free, OA=open archive, CA=closed archive, TAMS=top-at-mark-start (previous, next)
|   0|0x0000000715c00000, 0x0000000715c00000, 0x0000000715e00000|  0%| F|  |TAMS 0x0000000715c00000, 0x0000000715c00000| Untracked 
|   1|0x0000000715e00000, 0x0000000715e00000, 0x0000000716000000|  0%| F|  |TAMS 0x0000000715e00000, 0x0000000715e00000| Untracked 
|   2|0x0000000716000000, 0x0000000716000000, 0x0000000716200000|  0%| F|  |TAMS 0x0000000716000000, 0x0000000716000000| Untracked 
|   3|0x0000000716200000, 0x0000000716200000, 0x0000000716400000|  0%| F|  |TAMS 0x0000000716200000, 0x0000000716200000| Untracked 
|   4|0x0000000716400000, 0x0000000716400000, 0x0000000716600000|  0%| F|  |TAMS 0x0000000716400000, 0x0000000716400000| Untracked 
|   5|0x0000000716600000, 0x0000000716600000, 0x0000000716800000|  0%| F|  |TAMS 0x0000000716600000, 0x0000000716600000| Untracked 
|   6|0x0000000716800000, 0x0000000716800000, 0x0000000716a00000|  0%| F|  |TAMS 0x0000000716800000, 0x0000000716800000| Untracked 
|   7|0x0000000716a00000, 0x0000000716a00000, 0x0000000716c00000|  0%| F|  |TAMS 0x0000000716a00000, 0x0000000716a00000| Untracked 
|   8|0x0000000716c00000, 0x0000000716c00000, 0x0000000716e00000|  0%| F|  |TAMS 0x0000000716c00000, 0x0000000716c00000| Untracked 
|   9|0x0000000716e00000, 0x0000000716e00000, 0x0000000717000000|  0%| F|  |TAMS 0x0000000716e00000, 0x0000000716e00000| Untracked 
|  10|0x0000000717000000, 0x0000000717000000, 0x0000000717200000|  0%| F|  |TAMS 0x0000000717000000, 0x0000000717000000| Untracked 
|  11|0x0000000717200000, 0x0000000717200000, 0x0000000717400000|  0%| F|  |TAMS 0x0000000717200000, 0x0000000717200000| Untracked 
|  12|0x0000000717400000, 0x0000000717400000, 0x0000000717600000|  0%| F|  |TAMS 0x0000000717400000, 0x0000000717400000| Untracked 
|  13|0x0000000717600000, 0x0000000717600000, 0x0000000717800000|  0%| F|  |TAMS 0x0000000717600000, 0x0000000717600000| Untracked 
|  14|0x0000000717800000, 0x0000000717800000, 0x0000000717a00000|  0%| F|  |TAMS 0x0000000717800000, 0x0000000717800000| Untracked 
|  15|0x0000000717a00000, 0x0000000717a00000, 0x0000000717c00000|  0%| F|  |TAMS 0x0000000717a00000, 0x0000000717a00000| Untracked 
|  16|0x0000000717c00000, 0x0000000717c00000, 0x0000000717e00000|  0%| F|  |TAMS 0x0000000717c00000, 0x0000000717c00000| Untracked 
|  17|0x0000000717e00000, 0x0000000717e00000, 0x0000000718000000|  0%| F|  |TAMS 0x0000000717e00000, 0x0000000717e00000| Untracked 
|  18|0x0000000718000000, 0x0000000718000000, 0x0000000718200000|  0%| F|  |TAMS 0x0000000718000000, 0x0000000718000000| Untracked 
|  19|0x0000000718200000, 0x0000000718200000, 0x0000000718400000|  0%| F|  |TAMS 0x0000000718200000, 0x0000000718200000| Untracked 
|  20|0x0000000718400000, 0x0000000718400000, 0x0000000718600000|  0%| F|  |TAMS 0x0000000718400000, 0x0000000718400000| Untracked 
|  21|0x0000000718600000, 0x0000000718600000, 0x0000000718800000|  0%| F|  |TAMS 0x0000000718600000, 0x0000000718600000| Untracked 
|  22|0x0000000718800000, 0x0000000718800000, 0x0000000718a00000|  0%| F|  |TAMS 0x0000000718800000, 0x0000000718800000| Untracked 
|  23|0x0000000718a00000, 0x0000000718a00000, 0x0000000718c00000|  0%| F|  |TAMS 0x0000000718a00000, 0x0000000718a00000| Untracked 
|  24|0x0000000718c00000, 0x0000000718c00000, 0x0000000718e00000|  0%| F|  |TAMS 0x0000000718c00000, 0x0000000718c00000| Untracked 
|  25|0x0000000718e00000, 0x0000000718e00000, 0x0000000719000000|  0%| F|  |TAMS 0x0000000718e00000, 0x0000000718e00000| Untracked 
|  26|0x0000000719000000, 0x0000000719000000, 0x0000000719200000|  0%| F|  |TAMS 0x0000000719000000, 0x0000000719000000| Untracked 
|  27|0x0000000719200000, 0x0000000719200000, 0x0000000719400000|  0%| F|  |TAMS 0x0000000719200000, 0x0000000719200000| Untracked 
|  28|0x0000000719400000, 0x0000000719400000, 0x0000000719600000|  0%| F|  |TAMS 0x0000000719400000, 0x0000000719400000| Untracked 
|  29|0x0000000719600000, 0x0000000719600000, 0x0000000719800000|  0%| F|  |TAMS 0x0000000719600000, 0x0000000719600000| Untracked 
|  30|0x0000000719800000, 0x0000000719800000, 0x0000000719a00000|  0%| F|  |TAMS 0x0000000719800000, 0x0000000719800000| Untracked 
|  31|0x0000000719a00000, 0x0000000719a00000, 0x0000000719c00000|  0%| F|  |TAMS 0x0000000719a00000, 0x0000000719a00000| Untracked 
|  32|0x0000000719c00000, 0x0000000719c00000, 0x0000000719e00000|  0%| F|  |TAMS 0x0000000719c00000, 0x0000000719c00000| Untracked 
|  33|0x0000000719e00000, 0x0000000719e00000, 0x000000071a000000|  0%| F|  |TAMS 0x0000000719e00000, 0x0000000719e00000| Untracked 
|  34|0x000000071a000000, 0x000000071a000000, 0x000000071a200000|  0%| F|  |TAMS 0x000000071a000000, 0x000000071a000000| Untracked 
|  35|0x000000071a200000, 0x000000071a200000, 0x000000071a400000|  0%| F|  |TAMS 0x000000071a200000, 0x000000071a200000| Untracked 
|  36|0x000000071a400000, 0x000000071a400000, 0x000000071a600000|  0%| F|  |TAMS 0x000000071a400000, 0x000000071a400000| Untracked 
|  37|0x000000071a600000, 0x000000071a600000, 0x000000071a800000|  0%| F|  |TAMS 0x000000071a600000, 0x000000071a600000| Untracked 
|  38|0x000000071a800000, 0x000000071a800000, 0x000000071aa00000|  0%| F|  |TAMS 0x000000071a800000, 0x000000071a800000| Untracked 
|  39|0x000000071aa00000, 0x000000071aa00000, 0x000000071ac00000|  0%| F|  |TAMS 0x000000071aa00000, 0x000000071aa00000| Untracked 
|  40|0x000000071ac00000, 0x000000071ac00000, 0x000000071ae00000|  0%| F|  |TAMS 0x000000071ac00000, 0x000000071ac00000| Untracked 
|  41|0x000000071ae00000, 0x000000071ae00000, 0x000000071b000000|  0%| F|  |TAMS 0x000000071ae00000, 0x000000071ae00000| Untracked 
|  42|0x000000071b000000, 0x000000071b000000, 0x000000071b200000|  0%| F|  |TAMS 0x000000071b000000, 0x000000071b000000| Untracked 
|  43|0x000000071b200000, 0x000000071b200000, 0x000000071b400000|  0%| F|  |TAMS 0x000000071b200000, 0x000000071b200000| Untracked 
|  44|0x000000071b400000, 0x000000071b400000, 0x000000071b600000|  0%| F|  |TAMS 0x000000071b400000, 0x000000071b400000| Untracked 
|  45|0x000000071b600000, 0x000000071b600000, 0x000000071b800000|  0%| F|  |TAMS 0x000000071b600000, 0x000000071b600000| Untracked 
|  46|0x000000071b800000, 0x000000071b800000, 0x000000071ba00000|  0%| F|  |TAMS 0x000000071b800000, 0x000000071b800000| Untracked 
|  47|0x000000071ba00000, 0x000000071ba00000, 0x000000071bc00000|  0%| F|  |TAMS 0x000000071ba00000, 0x000000071ba00000| Untracked 
|  48|0x000000071bc00000, 0x000000071bc00000, 0x000000071be00000|  0%| F|  |TAMS 0x000000071bc00000, 0x000000071bc00000| Untracked 
|  49|0x000000071be00000, 0x000000071be00000, 0x000000071c000000|  0%| F|  |TAMS 0x000000071be00000, 0x000000071be00000| Untracked 
|  50|0x000000071c000000, 0x000000071c000000, 0x000000071c200000|  0%| F|  |TAMS 0x000000071c000000, 0x000000071c000000| Untracked 
|  51|0x000000071c200000, 0x000000071c200000, 0x000000071c400000|  0%| F|  |TAMS 0x000000071c200000, 0x000000071c200000| Untracked 
|  52|0x000000071c400000, 0x000000071c400000, 0x000000071c600000|  0%| F|  |TAMS 0x000000071c400000, 0x000000071c400000| Untracked 
|  53|0x000000071c600000, 0x000000071c600000, 0x000000071c800000|  0%| F|  |TAMS 0x000000071c600000, 0x000000071c600000| Untracked 
|  54|0x000000071c800000, 0x000000071c800000, 0x000000071ca00000|  0%| F|  |TAMS 0x000000071c800000, 0x000000071c800000| Untracked 
|  55|0x000000071ca00000, 0x000000071ca00000, 0x000000071cc00000|  0%| F|  |TAMS 0x000000071ca00000, 0x000000071ca00000| Untracked 
|  56|0x000000071cc00000, 0x000000071cc00000, 0x000000071ce00000|  0%| F|  |TAMS 0x000000071cc00000, 0x000000071cc00000| Untracked 
|  57|0x000000071ce00000, 0x000000071ce00000, 0x000000071d000000|  0%| F|  |TAMS 0x000000071ce00000, 0x000000071ce00000| Untracked 
|  58|0x000000071d000000, 0x000000071d000000, 0x000000071d200000|  0%| F|  |TAMS 0x000000071d000000, 0x000000071d000000| Untracked 
|  59|0x000000071d200000, 0x000000071d200000, 0x000000071d400000|  0%| F|  |TAMS 0x000000071d200000, 0x000000071d200000| Untracked 
|  60|0x000000071d400000, 0x000000071d400000, 0x000000071d600000|  0%| F|  |TAMS 0x000000071d400000, 0x000000071d400000| Untracked 
|  61|0x000000071d600000, 0x000000071d600000, 0x000000071d800000|  0%| F|  |TAMS 0x000000071d600000, 0x000000071d600000| Untracked 
|  62|0x000000071d800000, 0x000000071d800000, 0x000000071da00000|  0%| F|  |TAMS 0x000000071d800000, 0x000000071d800000| Untracked 
|  63|0x000000071da00000, 0x000000071da00000, 0x000000071dc00000|  0%| F|  |TAMS 0x000000071da00000, 0x000000071da00000| Untracked 
|  64|0x000000071dc00000, 0x000000071dc00000, 0x000000071de00000|  0%| F|  |TAMS 0x000000071dc00000, 0x000000071dc00000| Untracked 
|  65|0x000000071de00000, 0x000000071de00000, 0x000000071e000000|  0%| F|  |TAMS 0x000000071de00000, 0x000000071de00000| Untracked 
|  66|0x000000071e000000, 0x000000071e000000, 0x000000071e200000|  0%| F|  |TAMS 0x000000071e000000, 0x000000071e000000| Untracked 
|  67|0x000000071e200000, 0x000000071e200000, 0x000000071e400000|  0%| F|  |TAMS 0x000000071e200000, 0x000000071e200000| Untracked 
|  68|0x000000071e400000, 0x000000071e400000, 0x000000071e600000|  0%| F|  |TAMS 0x000000071e400000, 0x000000071e400000| Untracked 
|  69|0x000000071e600000, 0x000000071e600000, 0x000000071e800000|  0%| F|  |TAMS 0x000000071e600000, 0x000000071e600000| Untracked 
|  70|0x000000071e800000, 0x000000071e800000, 0x000000071ea00000|  0%| F|  |TAMS 0x000000071e800000, 0x000000071e800000| Untracked 
|  71|0x000000071ea00000, 0x000000071ea00000, 0x000000071ec00000|  0%| F|  |TAMS 0x000000071ea00000, 0x000000071ea00000| Untracked 
|  72|0x000000071ec00000, 0x000000071ec00000, 0x000000071ee00000|  0%| F|  |TAMS 0x000000071ec00000, 0x000000071ec00000| Untracked 
|  73|0x000000071ee00000, 0x000000071ee00000, 0x000000071f000000|  0%| F|  |TAMS 0x000000071ee00000, 0x000000071ee00000| Untracked 
|  74|0x000000071f000000, 0x000000071f000000, 0x000000071f200000|  0%| F|  |TAMS 0x000000071f000000, 0x000000071f000000| Untracked 
|  75|0x000000071f200000, 0x000000071f200000, 0x000000071f400000|  0%| F|  |TAMS 0x000000071f200000, 0x000000071f200000| Untracked 
|  76|0x000000071f400000, 0x000000071f400000, 0x000000071f600000|  0%| F|  |TAMS 0x000000071f400000, 0x000000071f400000| Untracked 
|  77|0x000000071f600000, 0x000000071f600000, 0x000000071f800000|  0%| F|  |TAMS 0x000000071f600000, 0x000000071f600000| Untracked 
|  78|0x000000071f800000, 0x000000071f800000, 0x000000071fa00000|  0%| F|  |TAMS 0x000000071f800000, 0x000000071f800000| Untracked 
|  79|0x000000071fa00000, 0x000000071fa00000, 0x000000071fc00000|  0%| F|  |TAMS 0x000000071fa00000, 0x000000071fa00000| Untracked 
|  80|0x000000071fc00000, 0x000000071fc00000, 0x000000071fe00000|  0%| F|  |TAMS 0x000000071fc00000, 0x000000071fc00000| Untracked 
|  81|0x000000071fe00000, 0x000000071fe00000, 0x0000000720000000|  0%| F|  |TAMS 0x000000071fe00000, 0x000000071fe00000| Untracked 
|  82|0x0000000720000000, 0x0000000720000000, 0x0000000720200000|  0%| F|  |TAMS 0x0000000720000000, 0x0000000720000000| Untracked 
|  83|0x0000000720200000, 0x0000000720200000, 0x0000000720400000|  0%| F|  |TAMS 0x0000000720200000, 0x0000000720200000| Untracked 
|  84|0x0000000720400000, 0x0000000720400000, 0x0000000720600000|  0%| F|  |TAMS 0x0000000720400000, 0x0000000720400000| Untracked 
|  85|0x0000000720600000, 0x0000000720600000, 0x0000000720800000|  0%| F|  |TAMS 0x0000000720600000, 0x0000000720600000| Untracked 
|  86|0x0000000720800000, 0x0000000720800000, 0x0000000720a00000|  0%| F|  |TAMS 0x0000000720800000, 0x0000000720800000| Untracked 
|  87|0x0000000720a00000, 0x0000000720a00000, 0x0000000720c00000|  0%| F|  |TAMS 0x0000000720a00000, 0x0000000720a00000| Untracked 
|  88|0x0000000720c00000, 0x0000000720c00000, 0x0000000720e00000|  0%| F|  |TAMS 0x0000000720c00000, 0x0000000720c00000| Untracked 
|  89|0x0000000720e00000, 0x0000000720e00000, 0x0000000721000000|  0%| F|  |TAMS 0x0000000720e00000, 0x0000000720e00000| Untracked 
|  90|0x0000000721000000, 0x0000000721000000, 0x0000000721200000|  0%| F|  |TAMS 0x0000000721000000, 0x0000000721000000| Untracked 
|  91|0x0000000721200000, 0x0000000721200000, 0x0000000721400000|  0%| F|  |TAMS 0x0000000721200000, 0x0000000721200000| Untracked 
|  92|0x0000000721400000, 0x0000000721400000, 0x0000000721600000|  0%| F|  |TAMS 0x0000000721400000, 0x0000000721400000| Untracked 
|  93|0x0000000721600000, 0x0000000721600000, 0x0000000721800000|  0%| F|  |TAMS 0x0000000721600000, 0x0000000721600000| Untracked 
|  94|0x0000000721800000, 0x0000000721800000, 0x0000000721a00000|  0%| F|  |TAMS 0x0000000721800000, 0x0000000721800000| Untracked 
|  95|0x0000000721a00000, 0x0000000721a00000, 0x0000000721c00000|  0%| F|  |TAMS 0x0000000721a00000, 0x0000000721a00000| Untracked 
|  96|0x0000000721c00000, 0x0000000721c00000, 0x0000000721e00000|  0%| F|  |TAMS 0x0000000721c00000, 0x0000000721c00000| Untracked 
|  97|0x0000000721e00000, 0x0000000721e00000, 0x0000000722000000|  0%| F|  |TAMS 0x0000000721e00000, 0x0000000721e00000| Untracked 
|  98|0x0000000722000000, 0x0000000722000000, 0x0000000722200000|  0%| F|  |TAMS 0x0000000722000000, 0x0000000722000000| Untracked 
|  99|0x0000000722200000, 0x0000000722200000, 0x0000000722400000|  0%| F|  |TAMS 0x0000000722200000, 0x0000000722200000| Untracked 
| 100|0x0000000722400000, 0x0000000722400000, 0x0000000722600000|  0%| F|  |TAMS 0x0000000722400000, 0x0000000722400000| Untracked 
| 101|0x0000000722600000, 0x0000000722600000, 0x0000000722800000|  0%| F|  |TAMS 0x0000000722600000, 0x0000000722600000| Untracked 
| 102|0x0000000722800000, 0x0000000722800000, 0x0000000722a00000|  0%| F|  |TAMS 0x0000000722800000, 0x0000000722800000| Untracked 
| 103|0x0000000722a00000, 0x0000000722a00000, 0x0000000722c00000|  0%| F|  |TAMS 0x0000000722a00000, 0x0000000722a00000| Untracked 
| 104|0x0000000722c00000, 0x0000000722c00000, 0x0000000722e00000|  0%| F|  |TAMS 0x0000000722c00000, 0x0000000722c00000| Untracked 
| 105|0x0000000722e00000, 0x0000000722e00000, 0x0000000723000000|  0%| F|  |TAMS 0x0000000722e00000, 0x0000000722e00000| Untracked 
| 106|0x0000000723000000, 0x0000000723000000, 0x0000000723200000|  0%| F|  |TAMS 0x0000000723000000, 0x0000000723000000| Untracked 
| 107|0x0000000723200000, 0x0000000723200000, 0x0000000723400000|  0%| F|  |TAMS 0x0000000723200000, 0x0000000723200000| Untracked 
| 108|0x0000000723400000, 0x0000000723400000, 0x0000000723600000|  0%| F|  |TAMS 0x0000000723400000, 0x0000000723400000| Untracked 
| 109|0x0000000723600000, 0x0000000723600000, 0x0000000723800000|  0%| F|  |TAMS 0x0000000723600000, 0x0000000723600000| Untracked 
| 110|0x0000000723800000, 0x0000000723800000, 0x0000000723a00000|  0%| F|  |TAMS 0x0000000723800000, 0x0000000723800000| Untracked 
| 111|0x0000000723a00000, 0x0000000723a00000, 0x0000000723c00000|  0%| F|  |TAMS 0x0000000723a00000, 0x0000000723a00000| Untracked 
| 112|0x0000000723c00000, 0x0000000723c7b688, 0x0000000723e00000| 24%| E|  |TAMS 0x0000000723c00000, 0x0000000723c00000| Complete 
| 113|0x0000000723e00000, 0x0000000724000000, 0x0000000724000000|100%| E|CS|TAMS 0x0000000723e00000, 0x0000000723e00000| Complete 
| 114|0x0000000724000000, 0x0000000724200000, 0x0000000724200000|100%| E|CS|TAMS 0x0000000724000000, 0x0000000724000000| Complete 
| 115|0x0000000724200000, 0x0000000724400000, 0x0000000724400000|100%| E|CS|TAMS 0x0000000724200000, 0x0000000724200000| Complete 
| 116|0x0000000724400000, 0x0000000724600000, 0x0000000724600000|100%| E|CS|TAMS 0x0000000724400000, 0x0000000724400000| Complete 
| 117|0x0000000724600000, 0x0000000724800000, 0x0000000724800000|100%| E|  |TAMS 0x0000000724600000, 0x0000000724600000| Complete 

Card table byte_map: [0x000002203ca10000,0x000002203d170000] _byte_map_base: 0x0000022039162000

Marking Bits (Prev, Next): (CMBitMap*) 0x0000022025803a70, (CMBitMap*) 0x0000022025803ab0
 Prev Bits: [0x000002203d8d0000, 0x0000022041360000)
 Next Bits: [0x0000022041360000, 0x0000022044df0000)

Polling page: 0x0000022023790000

Metaspace:

Usage:
  Non-class:      2.42 MB used.
      Class:    267.78 KB used.
       Both:      2.68 MB used.

Virtual space:
  Non-class space:       64.00 MB reserved,       2.50 MB (  4%) committed,  1 nodes.
      Class space:        1.00 GB reserved,     320.00 KB ( <1%) committed,  1 nodes.
             Both:        1.06 GB reserved,       2.81 MB ( <1%) committed. 

Chunk freelists:
   Non-Class:  10.98 MB
       Class:  15.59 MB
        Both:  26.58 MB

MaxMetaspaceSize: unlimited
CompressedClassSpaceSize: 1.00 GB
Initial GC threshold: 21.00 MB
Current GC threshold: 21.00 MB
CDS: on
MetaspaceReclaimPolicy: balanced
 - commit_granule_bytes: 65536.
 - commit_granule_words: 8192.
 - virtual_space_node_default_size: 8388608.
 - enlarge_chunks_in_place: 1.
 - new_chunks_are_fully_committed: 0.
 - uncommit_free_chunks: 1.
 - use_allocation_guard: 0.
 - handle_deallocations: 1.


Internal statistics:

num_allocs_failed_limit: 0.
num_arena_births: 60.
num_arena_deaths: 0.
num_vsnodes_births: 2.
num_vsnodes_deaths: 0.
num_space_committed: 45.
num_space_uncommitted: 0.
num_chunks_returned_to_freelist: 0.
num_chunks_taken_from_freelist: 119.
num_chunk_merges: 0.
num_chunk_splits: 77.
num_chunks_enlarged: 57.
num_inconsistent_stats: 0.

CodeHeap 'non-profiled nmethods': size=120000Kb used=267Kb max_used=267Kb free=119732Kb
 bounds [0x0000022034d80000, 0x0000022034ff0000, 0x000002203c2b0000]
CodeHeap 'profiled nmethods': size=120000Kb used=1296Kb max_used=1296Kb free=118703Kb
 bounds [0x000002202d2b0000, 0x000002202d520000, 0x00000220347e0000]
CodeHeap 'non-nmethods': size=5760Kb used=1208Kb max_used=1229Kb free=4551Kb
 bounds [0x00000220347e0000, 0x0000022034a50000, 0x0000022034d80000]
 total_blobs=1136 nmethods=710 adapters=339
 compilation: enabled
              stopped_count=0, restarted_count=0
 full_count=0

Compilation events (20 events):
Event: 5.002 Thread 0x00000220474453c0  704       3       java.util.zip.ZipCoder$UTF8ZipCoder::hasTrailingSlash (20 bytes)
Event: 5.002 Thread 0x00000220474453c0 nmethod 704 0x000002202d3e8e10 code [0x000002202d3e8fa0, 0x000002202d3e9178]
Event: 5.003 Thread 0x00000220474453c0  705   !   3       java.util.zip.Inflater::needsInput (55 bytes)
Event: 5.004 Thread 0x00000220474453c0 nmethod 705 0x000002202d3e9290 code [0x000002202d3e9440, 0x000002202d3e9818]
Event: 5.004 Thread 0x000002208d374ea0 nmethod 700 0x0000022034dc0010 code [0x0000022034dc01a0, 0x0000022034dc0418]
Event: 5.004 Thread 0x000002208d374ea0  701       4       java.lang.StringBuilder::append (8 bytes)
Event: 5.005 Thread 0x00000220474453c0  706       3       java.util.Properties::loadConvert (540 bytes)
Event: 5.007 Thread 0x00000220474453c0 nmethod 706 0x000002202d3e9990 code [0x000002202d3e9ca0, 0x000002202d3eb1d8]
Event: 5.009 Thread 0x00000220474453c0  707 %     3       java.util.Properties$LineReader::readLine @ 53 (584 bytes)
Event: 5.010 Thread 0x000002204743fe20 nmethod 699 0x0000022034dc0610 code [0x0000022034dc07a0, 0x0000022034dc0df8]
Event: 5.010 Thread 0x000002204743fe20  702       4       java.lang.AbstractStringBuilder::putStringAt (12 bytes)
Event: 5.012 Thread 0x00000220474453c0 nmethod 707% 0x000002202d3eb910 code [0x000002202d3ebd00, 0x000002202d3eedd8]
Event: 5.013 Thread 0x000002204743fe20 nmethod 702 0x0000022034dc1290 code [0x0000022034dc1420, 0x0000022034dc1638]
Event: 5.013 Thread 0x000002204743fe20  703       4       java.lang.String::getBytes (46 bytes)
Event: 5.013 Thread 0x000002208d374ea0 nmethod 701 0x0000022034dc1890 code [0x0000022034dc1a20, 0x0000022034dc20b8]
Event: 5.016 Thread 0x000002204743fe20 nmethod 703 0x0000022034dc2610 code [0x0000022034dc2780, 0x0000022034dc2938]
Event: 5.016 Thread 0x00000220474453c0  708       3       java.util.Properties$LineReader::readLine (584 bytes)
Event: 5.019 Thread 0x00000220474453c0 nmethod 708 0x000002202d3efd90 code [0x000002202d3f0160, 0x000002202d3f2e18]
Event: 5.019 Thread 0x00000220474453c0  709       3       org.springframework.util.StringUtils::hasLength (17 bytes)
Event: 5.020 Thread 0x00000220474453c0 nmethod 709 0x000002202d3f3c90 code [0x000002202d3f3e40, 0x000002202d3f4098]

GC Heap History (0 events):
No events

Dll operation events (6 events):
Event: 0.058 Loaded shared library C:\Users\ism_k\AppData\Local\Programs\Eclipse Adoptium\jdk-17.0.9.9-hotspot\bin\java.dll
Event: 0.183 Loaded shared library C:\Users\ism_k\AppData\Local\Programs\Eclipse Adoptium\jdk-17.0.9.9-hotspot\bin\jsvml.dll
Event: 0.981 Loaded shared library C:\Users\ism_k\AppData\Local\Programs\Eclipse Adoptium\jdk-17.0.9.9-hotspot\bin\net.dll
Event: 1.010 Loaded shared library C:\Users\ism_k\AppData\Local\Programs\Eclipse Adoptium\jdk-17.0.9.9-hotspot\bin\nio.dll
Event: 1.061 Loaded shared library C:\Users\ism_k\AppData\Local\Programs\Eclipse Adoptium\jdk-17.0.9.9-hotspot\bin\zip.dll
Event: 4.395 Loaded shared library C:\Users\ism_k\AppData\Local\Programs\Eclipse Adoptium\jdk-17.0.9.9-hotspot\bin\jimage.dll

Deoptimization events (20 events):
Event: 3.737 Thread 0x00000220257964e0 DEOPT PACKING pc=0x000002202d2b7955 sp=0x000000ab2ddfa670
Event: 3.737 Thread 0x00000220257964e0 DEOPT UNPACKING pc=0x0000022034837143 sp=0x000000ab2ddf9ae8 mode 0
Event: 4.404 Thread 0x00000220257964e0 Uncommon trap: trap_request=0xffffff45 fr.pc=0x0000022034d8b6e8 relative=0x0000000000000068
Event: 4.404 Thread 0x00000220257964e0 Uncommon trap: reason=unstable_if action=reinterpret pc=0x0000022034d8b6e8 method=java.io.WinNTFileSystem.isSlash(C)Z @ 9 c2
Event: 4.404 Thread 0x00000220257964e0 DEOPT PACKING pc=0x0000022034d8b6e8 sp=0x000000ab2ddfdbf0
Event: 4.404 Thread 0x00000220257964e0 DEOPT UNPACKING pc=0x00000220348369a3 sp=0x000000ab2ddfdb88 mode 2
Event: 4.531 Thread 0x00000220257964e0 DEOPT PACKING pc=0x000002202d2dcd56 sp=0x000000ab2ddfc850
Event: 4.531 Thread 0x00000220257964e0 DEOPT UNPACKING pc=0x0000022034837143 sp=0x000000ab2ddfbcf0 mode 0
Event: 4.573 Thread 0x00000220257964e0 Uncommon trap: trap_request=0xffffff45 fr.pc=0x0000022034d9a138 relative=0x0000000000000298
Event: 4.573 Thread 0x00000220257964e0 Uncommon trap: reason=unstable_if action=reinterpret pc=0x0000022034d9a138 method=java.io.BufferedReader.read()I @ 19 c2
Event: 4.573 Thread 0x00000220257964e0 DEOPT PACKING pc=0x0000022034d9a138 sp=0x000000ab2ddfcd10
Event: 4.573 Thread 0x00000220257964e0 DEOPT UNPACKING pc=0x00000220348369a3 sp=0x000000ab2ddfcc50 mode 2
Event: 4.884 Thread 0x00000220257964e0 DEOPT PACKING pc=0x000002202d3c2274 sp=0x000000ab2ddfe5b0
Event: 4.884 Thread 0x00000220257964e0 DEOPT UNPACKING pc=0x0000022034837143 sp=0x000000ab2ddfda48 mode 1
Event: 4.884 Thread 0x00000220257964e0 DEOPT PACKING pc=0x000002202d3c175c sp=0x000000ab2ddfe680
Event: 4.884 Thread 0x00000220257964e0 DEOPT UNPACKING pc=0x0000022034837143 sp=0x000000ab2ddfdb38 mode 1
Event: 4.885 Thread 0x00000220257964e0 DEOPT PACKING pc=0x000002202d3c2274 sp=0x000000ab2ddfe5b0
Event: 4.885 Thread 0x00000220257964e0 DEOPT UNPACKING pc=0x0000022034837143 sp=0x000000ab2ddfda48 mode 1
Event: 4.885 Thread 0x00000220257964e0 DEOPT PACKING pc=0x000002202d3c175c sp=0x000000ab2ddfe680
Event: 4.885 Thread 0x00000220257964e0 DEOPT UNPACKING pc=0x0000022034837143 sp=0x000000ab2ddfdb38 mode 1

Classes unloaded (0 events):
No events

Classes redefined (0 events):
No events

Internal exceptions (5 events):
Event: 4.554 Thread 0x00000220257964e0 Exception <a 'java/lang/ClassNotFoundException'{0x0000000724147a10}: javax/smartcardio/CardPermission> (0x0000000724147a10) 
thrown [s\src\hotspot\share\classfile\systemDictionary.cpp, line 256]
Event: 4.578 Thread 0x00000220257964e0 Exception <a 'java/io/FileNotFoundException'{0x00000007241566c0}> (0x00000007241566c0) 
thrown [s\src\hotspot\share\prims\jni.cpp, line 516]
Event: 4.660 Thread 0x00000220257964e0 Exception <a 'java/lang/NoSuchMethodError'{0x00000007241d5fe8}: 'java.lang.Object java.lang.invoke.DirectMethodHandle$Holder.invokeSpecial(java.lang.Object, java.lang.Object, java.lang.Object, long, java.lang.Object)'> (0x00000007241d5fe8) 
thrown [s\src\hotspot\share\interpreter\linkResolver.cpp, line 759]
Event: 4.663 Thread 0x00000220257964e0 Exception <a 'java/lang/NoSuchMethodError'{0x00000007241d9cf0}: 'java.lang.Object java.lang.invoke.Invokers$Holder.linkToTargetMethod(java.lang.Object, long, java.lang.Object, java.lang.Object)'> (0x00000007241d9cf0) 
thrown [s\src\hotspot\share\interpreter\linkResolver.cpp, line 759]
Event: 4.895 Thread 0x00000220257964e0 Exception <a 'java/lang/NoSuchMethodError'{0x0000000723fb9b98}: 'void java.lang.invoke.DirectMethodHandle$Holder.invokeStatic(java.lang.Object, java.lang.Object, java.lang.Object, java.lang.Object)'> (0x0000000723fb9b98) 
thrown [s\src\hotspot\share\interpreter\linkResolver.cpp, line 759]

VM Operations (14 events):
Event: 0.371 Executing VM operation: ChangeBreakpoints
Event: 0.372 Executing VM operation: ChangeBreakpoints done
Event: 1.306 Executing VM operation: HandshakeAllThreads
Event: 1.306 Executing VM operation: HandshakeAllThreads done
Event: 2.298 Executing VM operation: Cleanup
Event: 2.298 Executing VM operation: Cleanup done
Event: 3.300 Executing VM operation: Cleanup
Event: 3.300 Executing VM operation: Cleanup done
Event: 4.307 Executing VM operation: Cleanup
Event: 4.307 Executing VM operation: Cleanup done
Event: 4.404 Executing VM operation: HandshakeAllThreads
Event: 4.404 Executing VM operation: HandshakeAllThreads done
Event: 4.854 Executing VM operation: HandshakeAllThreads
Event: 4.854 Executing VM operation: HandshakeAllThreads done

Events (20 events):
Event: 4.981 loading class java/net/HttpURLConnection
Event: 4.981 loading class java/net/HttpURLConnection done
Event: 4.991 loading class java/net/URLDecoder
Event: 4.992 loading class java/net/URLDecoder done
Event: 4.992 loading class java/net/URLEncoder
Event: 4.992 loading class java/net/URLEncoder done
Event: 4.992 loading class java/util/BitSet
Event: 4.992 loading class java/util/BitSet done
Event: 5.020 loading class java/util/ImmutableCollections$Access
Event: 5.020 loading class java/util/ImmutableCollections$Access done
Event: 5.020 loading class java/util/ImmutableCollections$Access$1
Event: 5.021 loading class jdk/internal/access/JavaUtilCollectionAccess
Event: 5.021 loading class jdk/internal/access/JavaUtilCollectionAccess done
Event: 5.021 loading class java/util/ImmutableCollections$Access$1 done
Event: 5.022 loading class java/util/stream/Nodes
Event: 5.022 loading class java/util/stream/Nodes done
Event: 5.022 loading class java/util/stream/Nodes$EmptyNode$OfRef
Event: 5.023 loading class java/util/stream/Nodes$EmptyNode
Event: 5.023 loading class java/util/stream/Node
Event: 5.024 loading class java/util/stream/Node done


Dynamic libraries:
0x00007ff648f70000 - 0x00007ff648f7e000 	C:\Users\ism_k\AppData\Local\Programs\Eclipse Adoptium\jdk-17.0.9.9-hotspot\bin\java.exe
0x00007ffef4730000 - 0x00007ffef4928000 	C:\WINDOWS\SYSTEM32\ntdll.dll
0x00007ffef3110000 - 0x00007ffef31cd000 	C:\WINDOWS\System32\KERNEL32.DLL
0x00007ffef1f90000 - 0x00007ffef2286000 	C:\WINDOWS\System32\KERNELBASE.dll
0x00007ffef2290000 - 0x00007ffef2390000 	C:\WINDOWS\System32\ucrtbase.dll
0x00007ffed5c70000 - 0x00007ffed5c87000 	C:\Users\ism_k\AppData\Local\Programs\Eclipse Adoptium\jdk-17.0.9.9-hotspot\bin\jli.dll
0x00007ffef3340000 - 0x00007ffef34df000 	C:\WINDOWS\System32\USER32.dll
0x00007ffef1ed0000 - 0x00007ffef1ef2000 	C:\WINDOWS\System32\win32u.dll
0x00007ffef3310000 - 0x00007ffef333b000 	C:\WINDOWS\System32\GDI32.dll
0x00007ffef25a0000 - 0x00007ffef26b7000 	C:\WINDOWS\System32\gdi32full.dll
0x00007ffed4280000 - 0x00007ffed429b000 	C:\Users\ism_k\AppData\Local\Programs\Eclipse Adoptium\jdk-17.0.9.9-hotspot\bin\VCRUNTIME140.dll
0x00007ffef26c0000 - 0x00007ffef275d000 	C:\WINDOWS\System32\msvcp_win.dll
0x00007ffee0be0000 - 0x00007ffee0e7a000 	C:\WINDOWS\WinSxS\amd64_microsoft.windows.common-controls_6595b64144ccf1df_6.0.19041.3636_none_60b6a03d71f818d5\COMCTL32.dll
0x00007ffef4650000 - 0x00007ffef46ee000 	C:\WINDOWS\System32\msvcrt.dll
0x00007ffef2760000 - 0x00007ffef2792000 	C:\WINDOWS\System32\IMM32.DLL
0x00007ffed8cb0000 - 0x00007ffed8cbc000 	C:\Users\ism_k\AppData\Local\Programs\Eclipse Adoptium\jdk-17.0.9.9-hotspot\bin\vcruntime140_1.dll
0x00007ffec2fd0000 - 0x00007ffec305d000 	C:\Users\ism_k\AppData\Local\Programs\Eclipse Adoptium\jdk-17.0.9.9-hotspot\bin\msvcp140.dll
0x00007ffebf220000 - 0x00007ffebfe81000 	C:\Users\ism_k\AppData\Local\Programs\Eclipse Adoptium\jdk-17.0.9.9-hotspot\bin\server\jvm.dll
0x00007ffef2880000 - 0x00007ffef2930000 	C:\WINDOWS\System32\ADVAPI32.dll
0x00007ffef4390000 - 0x00007ffef4430000 	C:\WINDOWS\System32\sechost.dll
0x00007ffef2fe0000 - 0x00007ffef3103000 	C:\WINDOWS\System32\RPCRT4.dll
0x00007ffef1de0000 - 0x00007ffef1e07000 	C:\WINDOWS\System32\bcrypt.dll
0x00007ffef1330000 - 0x00007ffef137b000 	C:\WINDOWS\SYSTEM32\POWRPROF.dll
0x00007ffed9240000 - 0x00007ffed9249000 	C:\WINDOWS\SYSTEM32\WSOCK32.dll
0x00007ffef45e0000 - 0x00007ffef464b000 	C:\WINDOWS\System32\WS2_32.dll
0x00007ffede140000 - 0x00007ffede167000 	C:\WINDOWS\SYSTEM32\WINMM.dll
0x00007ffee7750000 - 0x00007ffee775a000 	C:\WINDOWS\SYSTEM32\VERSION.dll
0x00007ffef11a0000 - 0x00007ffef11b2000 	C:\WINDOWS\SYSTEM32\UMPDC.dll
0x00007ffef05f0000 - 0x00007ffef0602000 	C:\WINDOWS\SYSTEM32\kernel.appcore.dll
0x00007ffed8930000 - 0x00007ffed893a000 	C:\Users\ism_k\AppData\Local\Programs\Eclipse Adoptium\jdk-17.0.9.9-hotspot\bin\jimage.dll
0x00007ffedab50000 - 0x00007ffedad34000 	C:\WINDOWS\SYSTEM32\DBGHELP.DLL
0x00007ffeda9b0000 - 0x00007ffeda9e4000 	C:\WINDOWS\SYSTEM32\dbgcore.DLL
0x00007ffef1f00000 - 0x00007ffef1f82000 	C:\WINDOWS\System32\bcryptPrimitives.dll
0x00007ffec9060000 - 0x00007ffec909b000 	C:\Users\ism_k\AppData\Local\Programs\Eclipse Adoptium\jdk-17.0.9.9-hotspot\bin\jdwp.dll
0x00007ffec7070000 - 0x00007ffec7095000 	C:\Users\ism_k\AppData\Local\Programs\Eclipse Adoptium\jdk-17.0.9.9-hotspot\bin\java.dll
0x00007ffec2220000 - 0x00007ffec22f7000 	C:\Users\ism_k\AppData\Local\Programs\Eclipse Adoptium\jdk-17.0.9.9-hotspot\bin\jsvml.dll
0x00007ffef34e0000 - 0x00007ffef3c4b000 	C:\WINDOWS\System32\SHELL32.dll
0x00007ffeef880000 - 0x00007ffef001e000 	C:\WINDOWS\SYSTEM32\windows.storage.dll
0x00007ffef3df0000 - 0x00007ffef4143000 	C:\WINDOWS\System32\combase.dll
0x00007ffef1730000 - 0x00007ffef175e000 	C:\WINDOWS\SYSTEM32\Wldp.dll
0x00007ffef3c60000 - 0x00007ffef3d2d000 	C:\WINDOWS\System32\OLEAUT32.dll
0x00007ffef3d40000 - 0x00007ffef3ded000 	C:\WINDOWS\System32\SHCORE.dll
0x00007ffef4280000 - 0x00007ffef42d5000 	C:\WINDOWS\System32\shlwapi.dll
0x00007ffef1d10000 - 0x00007ffef1d33000 	C:\WINDOWS\SYSTEM32\profapi.dll
0x00007ffed6bd0000 - 0x00007ffed6bdc000 	C:\Users\ism_k\AppData\Local\Programs\Eclipse Adoptium\jdk-17.0.9.9-hotspot\bin\dt_socket.dll
0x00007ffef11c0000 - 0x00007ffef11fb000 	C:\WINDOWS\SYSTEM32\IPHLPAPI.DLL
0x00007ffef1510000 - 0x00007ffef157a000 	C:\WINDOWS\system32\mswsock.dll
0x00007ffef1210000 - 0x00007ffef12db000 	C:\WINDOWS\SYSTEM32\DNSAPI.dll
0x00007ffef3d30000 - 0x00007ffef3d38000 	C:\WINDOWS\System32\NSI.dll
0x00007ffee9ba0000 - 0x00007ffee9baa000 	C:\Windows\System32\rasadhlp.dll
0x00007ffee8930000 - 0x00007ffee89b0000 	C:\WINDOWS\System32\fwpuclnt.dll
0x00007ffec9040000 - 0x00007ffec9059000 	C:\Users\ism_k\AppData\Local\Programs\Eclipse Adoptium\jdk-17.0.9.9-hotspot\bin\net.dll
0x00007ffee8c20000 - 0x00007ffee8d2a000 	C:\WINDOWS\SYSTEM32\WINHTTP.dll
0x00007ffec7050000 - 0x00007ffec7066000 	C:\Users\ism_k\AppData\Local\Programs\Eclipse Adoptium\jdk-17.0.9.9-hotspot\bin\nio.dll
0x00007ffec4d50000 - 0x00007ffec4d68000 	C:\Users\ism_k\AppData\Local\Programs\Eclipse Adoptium\jdk-17.0.9.9-hotspot\bin\zip.dll

dbghelp: loaded successfully - version: 4.0.5 - missing functions: none
symbol engine: initialized successfully - sym options: 0x614 - pdb path: .;C:\Users\ism_k\AppData\Local\Programs\Eclipse Adoptium\jdk-17.0.9.9-hotspot\bin;C:\WINDOWS\SYSTEM32;C:\WINDOWS\WinSxS\amd64_microsoft.windows.common-controls_6595b64144ccf1df_6.0.19041.3636_none_60b6a03d71f818d5;C:\Users\ism_k\AppData\Local\Programs\Eclipse Adoptium\jdk-17.0.9.9-hotspot\bin\server

VM Arguments:
jvm_args: -agentlib:jdwp=transport=dt_socket,server=n,suspend=y,address=localhost:63309 -XX:+ShowCodeDetailsInExceptionMessages 
java_command: com.hotelapi.demo.HotelapiApplication
java_class_path (initial): C:\Users\ism_k\Desktop\SpringBoot\demo\target\classes;C:\Users\ism_k\.m2\repository\org\springframework\boot\spring-boot-starter-data-jpa\3.2.4\spring-boot-starter-data-jpa-3.2.4.jar;C:\Users\ism_k\.m2\repository\org\springframework\boot\spring-boot-starter-aop\3.2.4\spring-boot-starter-aop-3.2.4.jar;C:\Users\ism_k\.m2\repository\org\springframework\spring-aop\6.1.5\spring-aop-6.1.5.jar;C:\Users\ism_k\.m2\repository\org\aspectj\aspectjweaver\1.9.21\aspectjweaver-1.9.21.jar;C:\Users\ism_k\.m2\repository\org\springframework\boot\spring-boot-starter-jdbc\3.2.4\spring-boot-starter-jdbc-3.2.4.jar;C:\Users\ism_k\.m2\repository\com\zaxxer\HikariCP\5.0.1\HikariCP-5.0.1.jar;C:\Users\ism_k\.m2\repository\org\springframework\spring-jdbc\6.1.5\spring-jdbc-6.1.5.jar;C:\Users\ism_k\.m2\repository\org\hibernate\orm\hibernate-core\6.4.4.Final\hibernate-core-6.4.4.Final.jar;C:\Users\ism_k\.m2\repository\jakarta\persistence\jakarta.persistence-api\3.1.0\jakarta.persistence-api-3.1.0.jar;C:\Users\ism_k\.m2\repository\jakarta\transaction\jakarta.transaction-api\2.0.1\jakarta.transaction-api-2.0.1.jar;C:\Users\ism_k\.m2\repository\org\jboss\logging\jboss-logging\3.5.3.Final\jboss-logging-3.5.3.Final.jar;C:\Users\ism_k\.m2\repository\org\hibernate\common\hibernate-commons-annotations\6.0.6.Final\hibernate-commons-annotations-6.0.6.Final.jar;C:\Users\ism_k\.m2\repository\io\smallrye\jandex\3.1.2\jandex-3.1.2.jar;C:\Users\ism_k\.m2\repository\com\fasterxml\classmate\1.6.0\classmate-1.6.0.jar;C:\Users\ism_k\.m2\repository\net\bytebuddy\byte-buddy\1.14.12\byte-buddy-1.14.12.jar;C:\Users\ism_k\.m2\repository\org\glassfish\jaxb\jaxb-runtime\4.0.5\jaxb-runtime-4.0.5.jar;C:\Users\ism_k\.m2\repository\org\glassfish\jaxb\jaxb-core\4.0.5\jaxb-core-4.0.5.jar;C:\Users\ism_k\.m2\repository\org\eclipse\angus\angus-activation\2.0.2\angus-activation-2.0.2.jar;C:\Users\ism_k\.m2\repository\org\glassfish\jaxb\txw2\4.0.5\txw2-4.0.5.jar;C:\Users\ism_k\.m2\repository\com\sun\istac
Launcher Type: SUN_STANDARD

[Global flags]
     intx CICompilerCount                          = 3                                         {product} {ergonomic}
     uint ConcGCThreads                            = 1                                         {product} {ergonomic}
     uint G1ConcRefinementThreads                  = 4                                         {product} {ergonomic}
   size_t G1HeapRegionSize                         = 2097152                                   {product} {ergonomic}
    uintx GCDrainStackTargetSize                   = 64                                        {product} {ergonomic}
   size_t InitialHeapSize                          = 247463936                                 {product} {ergonomic}
   size_t MarkStackSize                            = 4194304                                   {product} {ergonomic}
   size_t MaxHeapSize                              = 3930062848                                {product} {ergonomic}
   size_t MaxNewSize                               = 2357198848                                {product} {ergonomic}
   size_t MinHeapDeltaBytes                        = 2097152                                   {product} {ergonomic}
   size_t MinHeapSize                              = 8388608                                   {product} {ergonomic}
    uintx NonNMethodCodeHeapSize                   = 5832780                                {pd product} {ergonomic}
    uintx NonProfiledCodeHeapSize                  = 122912730                              {pd product} {ergonomic}
    uintx ProfiledCodeHeapSize                     = 122912730                              {pd product} {ergonomic}
    uintx ReservedCodeCacheSize                    = 251658240                              {pd product} {ergonomic}
     bool SegmentedCodeCache                       = true                                      {product} {ergonomic}
     bool ShowCodeDetailsInExceptionMessages       = true                                   {manageable} {command line}
   size_t SoftMaxHeapSize                          = 3930062848                             {manageable} {ergonomic}
     bool UseCompressedClassPointers               = true                           {product lp64_product} {ergonomic}
     bool UseCompressedOops                        = true                           {product lp64_product} {ergonomic}
     bool UseG1GC                                  = true                                      {product} {ergonomic}
     bool UseLargePagesIndividualAllocation        = false                                  {pd product} {ergonomic}

Logging:
Log output configuration:
 #0: stdout all=warning uptime,level,tags
 #1: stderr all=off uptime,level,tags

Environment Variables:
JAVA_HOME=C:\Users\ism_k\AppData\Local\Programs\Eclipse Adoptium\jdk-17.0.9.9-hotspot\
PATH=C:\Program Files\Eclipse Adoptium\jdk-21.0.2.13-hotspot\bin;C:\Program Files\Common Files\Oracle\Java\javapath;C:\Program Files\ImageMagick-7.1.1-Q16-HDRI;C:\WINDOWS\system32;C:\WINDOWS;C:\WINDOWS\System32\Wbem;C:\WINDOWS\System32\WindowsPowerShell\v1.0\;C:\WINDOWS\System32\OpenSSH\;C:\xampp\php;C:\Program Files\Git\cmd;C:\Program Files (x86)\Common Files\Intel\Shared Files\cpp\bin\Intel64;C:\Program Files (x86)\Calibre2\;C:\HashiCorp\Vagrant\bin;C:\Program Files\PuTTY\;C:\ProgramData\ComposerSetup\bin;C:\Program Files\nodejs\;C:\Program Files\FFmpeg\bin;C:\Program Files (x86)\HP\Common\HPDestPlgIn\;C:\Program Files\MySQL\MySQL Server 8.0\bin;C:\Program Files\PostgreSQL\16\bin;C:\Users\ism_k\AppData\Local\Programs\Eclipse Adoptium\jdk-17.0.9.9-hotspot\bin;C:\Users\ism_k\AppData\Local\Microsoft\WindowsApps;C:\Users\ism_k\AppData\Roaming\Composer\vendor\bin;C:\Users\ism_k\AppData\Roaming\npm;C:\Users\ism_k\AppData\Local\Programs\Microsoft VS Code\bin;C:\Program Files (x86)\HP\Common\HPDestPlgIn\
USERNAME=ism_k
LANG=en_US.UTF-8
OS=Windows_NT
PROCESSOR_IDENTIFIER=Intel64 Family 6 Model 61 Stepping 4, GenuineIntel
TMP=C:\Users\ism_k\AppData\Local\Temp
TEMP=C:\Users\ism_k\AppData\Local\Temp



Periodic native trim disabled


---------------  S Y S T E M  ---------------

OS:
 Windows 10 , 64 bit Build 19041 (10.0.19041.3636)
OS uptime: 0 days 4:54 hours
Hyper-V role detected

CPU: total 4 (initial active 4) (2 cores per cpu, 2 threads per core) family 6 model 61 stepping 4 microcode 0x2f, cx8, cmov, fxsr, ht, mmx, 3dnowpref, sse, sse2, sse3, ssse3, sse4.1, sse4.2, popcnt, lzcnt, tsc, tscinvbit, avx, avx2, aes, erms, clmul, bmi1, bmi2, rtm, adx, fma, vzeroupper, clflush, hv
Processor Information for all 4 processors :
  Max Mhz: 2601, Current Mhz: 2601, Mhz Limit: 2601

Memory: 4k page, system-wide physical 14987M (8211M free)
TotalPageFile size 17291M (AvailPageFile size 9405M)
current process WorkingSet (physical memory assigned to process): 57M, peak: 57M
current process commit charge ("private bytes"): 325M, peak: 326M

vm_info: OpenJDK 64-Bit Server VM (17.0.9+9) for windows-amd64 JRE (17.0.9+9), built on Oct 26 2023 14:01:42 by "admin" with MS VC++ 16.10 / 16.11 (VS2019)

END.
