#
# A fatal error has been detected by the Java Runtime Environment:
#
#  EXCEPTION_ACCESS_VIOLATION (0xc0000005) at pc=0x00007ff9837ffbfb, pid=7612, tid=14264
#
# JRE version: OpenJDK Runtime Environment Temurin-17.0.9+9 (17.0.9+9) (build 17.0.9+9)
# Java VM: OpenJDK 64-Bit Server VM Temurin-17.0.9+9 (17.0.9+9, mixed mode, sharing, tiered, compressed oops, compressed class ptrs, g1 gc, windows-amd64)
# Problematic frame:
# V  [jvm.dll+0x1bfbfb]
#
# No core dump will be written. Minidumps are not enabled by default on client versions of Windows
#
# If you would like to submit a bug report, please visit:
#   https://github.com/adoptium/adoptium-support/issues
#

---------------  S U M M A R Y ------------

Command Line: -agentlib:jdwp=transport=dt_socket,server=n,suspend=y,address=localhost:54650 -XX:+ShowCodeDetailsInExceptionMessages com.hotelapi.demo.HotelapiApplication

Host: Intel(R) Core(TM) i7-5600U CPU @ 2.60GHz, 4 cores, 14G,  Windows 10 , 64 bit Build 19041 (10.0.19041.3636)
Time: Wed Apr 17 16:36:03 2024 W. Europe Summer Time elapsed time: 69.150457 seconds (0d 0h 1m 9s)

---------------  T H R E A D  ---------------

Current thread (0x0000017af18fbb00):  JavaThread "C2 CompilerThread0" daemon [_thread_in_native, id=14264, stack(0x000000145e700000,0x000000145e800000)]


Current CompileTask:
C2:  69150 6222   !   4       java.net.URL::<init> (543 bytes)

Stack: [0x000000145e700000,0x000000145e800000],  sp=0x000000145e7fbc80,  free space=1007k
Native frames: (J=compiled Java code, j=interpreted, Vv=VM code, C=native code)
V  [jvm.dll+0x1bfbfb]
V  [jvm.dll+0x1bd3c0]
V  [jvm.dll+0x21a709]
V  [jvm.dll+0x2199d1]
V  [jvm.dll+0x1a57cd]
V  [jvm.dll+0x2297ae]
V  [jvm.dll+0x22797c]
V  [jvm.dll+0x7e9877]
V  [jvm.dll+0x7e3c3a]
V  [jvm.dll+0x67be35]
C  [ucrtbase.dll+0x21bb2]
C  [KERNEL32.DLL+0x17344]
C  [ntdll.dll+0x526b1]


siginfo: EXCEPTION_ACCESS_VIOLATION (0xc0000005), reading address 0x00000100f72163a8


Registers:
RAX=0x00000100f72163a0, RBX=0x0000000000000001, RCX=0x0000000000000001, RDX=0x0000000000000000
RSP=0x000000145e7fbc80, RBP=0x0000017af71240a8, RSI=0x000000145e7fc170, RDI=0xffffffffffffffff
R8 =0x00000000ffffffff, R9 =0x0000000000000001, R10=0x0000000000000008, R11=0x3333333333333333
R12=0x0000000000000001, R13=0x0000000000000001, R14=0x0000017af96df340, R15=0x00007ff984154ee0
RIP=0x00007ff9837ffbfb, EFLAGS=0x0000000000010297


Register to memory mapping:

RIP=0x00007ff9837ffbfb jvm.dll
RAX=0x00000100f72163a0 is an unknown value
RBX=0x0000000000000001 is an unknown value
RCX=0x0000000000000001 is an unknown value
RDX=0x0 is NULL
RSP=0x000000145e7fbc80 is pointing into the stack for thread: 0x0000017af18fbb00
RBP=0x0000017af71240a8 points into unknown readable memory: 0x00007ff983f5c530 | 30 c5 f5 83 f9 7f 00 00
RSI=0x000000145e7fc170 is pointing into the stack for thread: 0x0000017af18fbb00
RDI=0xffffffffffffffff is an unknown value
R8 =0x00000000ffffffff is an unknown value
R9 =0x0000000000000001 is an unknown value
R10=0x0000000000000008 is an unknown value
R11=0x3333333333333333 is an unknown value
R12=0x0000000000000001 is an unknown value
R13=0x0000000000000001 is an unknown value
R14=0x0000017af96df340 points into unknown readable memory: 0x00007ff983f57e08 | 08 7e f5 83 f9 7f 00 00
R15=0x00007ff984154ee0 jvm.dll


Top of Stack: (sp=0x000000145e7fbc80)
0x000000145e7fbc80:   000000000000000f 0000017af68f0720
0x000000145e7fbc90:   0000000000000160 0000017af7124208
0x000000145e7fbca0:   000000b500000001 00007ff900000001
0x000000145e7fbcb0:   0000017af71240a8 000000145e7fbd50
0x000000145e7fbcc0:   0000000000000000 0000000000000000
0x000000145e7fbcd0:   000000000003aff0 0000017af6947d20
0x000000145e7fbce0:   00000000000003d8 0000017af6948108
0x000000145e7fbcf0:   0000017af6947d30 000000145e7fbe20
0x000000145e7fbd00:   0000000000000000 000000145e7fc250
0x000000145e7fbd10:   000000145e7fc170 00007ff9837fd3c0
0x000000145e7fbd20:   000000145e7fc170 000000145e7fbe01
0x000000145e7fbd30:   000000145e7fc200 00000000ffffffff
0x000000145e7fbd40:   0000000000000000 0000000000000000
0x000000145e7fbd50:   0000000000000006 0000017af6947d20
0x000000145e7fbd60:   0000017af9c0c030 0000017af9c470e0
0x000000145e7fbd70:   0000017af9c470e0 0000000000070f38
0x000000145e7fbd80:   0000000000000000 0000000000000000
0x000000145e7fbd90:   0000000000000000 0000000000000000
0x000000145e7fbda0:   0000000000000000 00007ff983f70ce8
0x000000145e7fbdb0:   0000000000000000 0000000000000000
0x000000145e7fbdc0:   0000000000000000 00007ff983f70ce8
0x000000145e7fbdd0:   0000017a00000000 0000000000000188
0x000000145e7fbde0:   0000017a0000000c 000000145e7feac0
0x000000145e7fbdf0:   0000017afbd4d820 0000000083974100
0x000000145e7fbe00:   0000017af9c0c040 000000000000055e
0x000000145e7fbe10:   000000145e7fbd50 0000017af6947d30
0x000000145e7fbe20:   00007ff983f70cb8 000000000000000d
0x000000145e7fbe30:   000000145e7feac0 000000145e7fc170
0x000000145e7fbe40:   00000014000012c5 0000017af18e8bb0
0x000000145e7fbe50:   00007ff90000000a 000000145e7feac0
0x000000145e7fbe60:   0000017af9bd2d90 0000000000000000
0x000000145e7fbe70:   0000017af91a6f30 0000017afaf27020 

Instructions: (pc=0x00007ff9837ffbfb)
0x00007ff9837ffafb:   24 a0 00 00 00 48 8b ac 24 a8 00 00 00 48 8b 9c
0x00007ff9837ffb0b:   24 b0 00 00 00 4c 8b bc 24 88 00 00 00 48 8d 4c
0x00007ff9837ffb1b:   24 20 e8 0e a5 05 00 48 81 c4 b8 00 00 00 41 5e
0x00007ff9837ffb2b:   41 5d c3 cc cc 88 54 24 10 48 89 4c 24 08 53 56
0x00007ff9837ffb3b:   57 48 81 ec 80 00 00 00 48 8b 41 48 48 8b f1 4c
0x00007ff9837ffb4b:   8b 40 10 49 8b 40 08 4c 8b 40 08 49 8b 40 08 4c
0x00007ff9837ffb5b:   8b 40 18 48 8b 81 08 01 00 00 4d 63 48 28 46 8b
0x00007ff9837ffb6b:   04 88 48 8b 41 70 49 69 d0 b0 00 00 00 48 8b 48
0x00007ff9837ffb7b:   20 f2 0f 10 04 0a f2 0f 58 05 47 13 77 00 f2 0f
0x00007ff9837ffb8b:   11 04 0a 33 c9 48 8b 46 48 89 4c 24 24 39 48 40
0x00007ff9837ffb9b:   0f 86 2c 06 00 00 48 89 6c 24 78 48 8d 79 ff 4c
0x00007ff9837ffbab:   89 64 24 70 4c 89 6c 24 68 44 8d 69 01 4c 89 74
0x00007ff9837ffbbb:   24 60 4c 89 7c 24 58 0f 29 74 24 40 f2 0f 10 35
0x00007ff9837ffbcb:   21 28 75 00 90 48 8b 40 30 48 8b 2c c8 41 8b c5
0x00007ff9837ffbdb:   48 89 6c 24 30 89 44 24 20 83 7d 28 01 0f 86 aa
0x00007ff9837ffbeb:   05 00 00 66 90 3b 45 18 73 0c 8b c8 48 8b 45 20
0x00007ff9837ffbfb:   4c 8b 34 c8 eb 03 45 33 f6 41 8b 46 2c 45 8b e5
0x00007ff9837ffc0b:   24 03 c6 84 24 b0 00 00 00 00 3c 02 75 17 49 8b
0x00007ff9837ffc1b:   06 49 8b ce c6 84 24 b0 00 00 00 01 ff 90 c8 00
0x00007ff9837ffc2b:   00 00 44 8b e0 48 8b 86 08 01 00 00 49 63 4e 28
0x00007ff9837ffc3b:   8b 14 88 48 8b 46 70 48 69 da b0 00 00 00 48 03
0x00007ff9837ffc4b:   58 20 85 d2 0f 84 a9 02 00 00 49 8b 06 49 8b ce
0x00007ff9837ffc5b:   ff 50 28 48 8b e8 8b 50 10 8d 4a e3 83 f9 01 76
0x00007ff9837ffc6b:   08 8d 4a e0 83 f9 01 77 07 83 8b a8 00 00 00 02
0x00007ff9837ffc7b:   41 8b 4e 28 8b c1 c1 e8 05 3b 46 78 73 56 8b d0
0x00007ff9837ffc8b:   83 e1 1f 48 8b 86 80 00 00 00 8b 04 90 0f a3 c8
0x00007ff9837ffc9b:   73 42 44 8b 83 a8 00 00 00 41 83 c8 10 44 89 83
0x00007ff9837ffcab:   a8 00 00 00 41 8b 4e 28 8b c1 c1 e8 05 3b 86 98
0x00007ff9837ffcbb:   00 00 00 73 1f 8b d0 83 e1 1f 48 8b 86 a0 00 00
0x00007ff9837ffccb:   00 8b 04 90 0f a3 c8 73 0b 41 83 c8 20 44 89 83
0x00007ff9837ffcdb:   a8 00 00 00 48 83 7b 18 00 49 8b c6 49 8b ce 48
0x00007ff9837ffceb:   0f 45 c7 48 89 43 18 49 8b 06 ff 50 78 8b 8b 94 


Stack slot to memory mapping:
stack at sp + 0 slots: 0x000000000000000f is an unknown value
stack at sp + 1 slots: 0x0000017af68f0720 points into unknown readable memory: 0x00007ff983f245d8 | d8 45 f2 83 f9 7f 00 00
stack at sp + 2 slots: 0x0000000000000160 is an unknown value
stack at sp + 3 slots: 0x0000017af7124208 points into unknown readable memory: 0x00007ff983f5c530 | 30 c5 f5 83 f9 7f 00 00
stack at sp + 4 slots: 0x000000b500000001 is an unknown value
stack at sp + 5 slots: 0x00007ff900000001 is an unknown value
stack at sp + 6 slots: 0x0000017af71240a8 points into unknown readable memory: 0x00007ff983f5c530 | 30 c5 f5 83 f9 7f 00 00
stack at sp + 7 slots: 0x000000145e7fbd50 is pointing into the stack for thread: 0x0000017af18fbb00


---------------  P R O C E S S  ---------------

Threads class SMR info:
_java_thread_list=0x0000017afb2a84d0, length=33, elements={
0x0000017af18d7fd0, 0x0000017af18d93f0, 0x0000017af18f0430, 0x0000017af18f0df0,
0x0000017af18f1f50, 0x0000017af18f70c0, 0x0000017af18fbb00, 0x0000017af18fdd60,
0x0000017af19016f0, 0x0000017af1b52890, 0x0000017af1b67d50, 0x0000017af1b6c660,
0x0000017af1b70070, 0x0000017af1b7c3b0, 0x0000017af759d450, 0x0000017af921b250,
0x0000017af921b730, 0x0000017afae41020, 0x0000017afae41530, 0x0000017afb4ee070,
0x0000017afb4eea90, 0x0000017afb4ef4b0, 0x0000017afb4f03e0, 0x0000017afb4f08f0,
0x0000017afb4f0e00, 0x0000017afb4f1310, 0x0000017afb4ef9c0, 0x0000017afb4f1820,
0x0000017afae41a40, 0x0000017afae40b10, 0x0000017afbc83590, 0x0000017afbc895c0,
0x0000017af6cb6350
}

Java Threads: ( => current thread )
  0x0000017af18d7fd0 JavaThread "Reference Handler" daemon [_thread_blocked, id=9340, stack(0x000000145e100000,0x000000145e200000)]
  0x0000017af18d93f0 JavaThread "Finalizer" daemon [_thread_blocked, id=8560, stack(0x000000145e200000,0x000000145e300000)]
  0x0000017af18f0430 JavaThread "Signal Dispatcher" daemon [_thread_blocked, id=2168, stack(0x000000145e300000,0x000000145e400000)]
  0x0000017af18f0df0 JavaThread "Attach Listener" daemon [_thread_blocked, id=12704, stack(0x000000145e400000,0x000000145e500000)]
  0x0000017af18f1f50 JavaThread "Service Thread" daemon [_thread_blocked, id=3488, stack(0x000000145e500000,0x000000145e600000)]
  0x0000017af18f70c0 JavaThread "Monitor Deflation Thread" daemon [_thread_blocked, id=1432, stack(0x000000145e600000,0x000000145e700000)]
=>0x0000017af18fbb00 JavaThread "C2 CompilerThread0" daemon [_thread_in_native, id=14264, stack(0x000000145e700000,0x000000145e800000)]
  0x0000017af18fdd60 JavaThread "C1 CompilerThread0" daemon [_thread_blocked, id=10672, stack(0x000000145e800000,0x000000145e900000)]
  0x0000017af19016f0 JavaThread "Sweeper thread" daemon [_thread_blocked, id=11392, stack(0x000000145e900000,0x000000145ea00000)]
  0x0000017af1b52890 JavaThread "JDWP Transport Listener: dt_socket" daemon [_thread_blocked, id=7572, stack(0x000000145ea00000,0x000000145eb00000)]
  0x0000017af1b67d50 JavaThread "JDWP Event Helper Thread" daemon [_thread_blocked, id=3428, stack(0x000000145eb00000,0x000000145ec00000)]
  0x0000017af1b6c660 JavaThread "JDWP Command Reader" daemon [_thread_in_native, id=7196, stack(0x000000145ec00000,0x000000145ed00000)]
  0x0000017af1b70070 JavaThread "Notification Thread" daemon [_thread_blocked, id=14300, stack(0x000000145ed00000,0x000000145ee00000)]
  0x0000017af1b7c3b0 JavaThread "Common-Cleaner" daemon [_thread_blocked, id=7816, stack(0x000000145ef00000,0x000000145f000000)]
  0x0000017af759d450 JavaThread "Catalina-utility-1" [_thread_blocked, id=7680, stack(0x000000145f400000,0x000000145f500000)]
  0x0000017af921b250 JavaThread "Catalina-utility-2" [_thread_blocked, id=6336, stack(0x000000145f500000,0x000000145f600000)]
  0x0000017af921b730 JavaThread "container-0" [_thread_blocked, id=12792, stack(0x000000145f600000,0x000000145f700000)]
  0x0000017afae41020 JavaThread "mysql-cj-abandoned-connection-cleanup" daemon [_thread_blocked, id=592, stack(0x000000145f700000,0x000000145f800000)]
  0x0000017afae41530 JavaThread "HikariPool-1 housekeeper" daemon [_thread_blocked, id=11316, stack(0x000000145f900000,0x000000145fa00000)]
  0x0000017afb4ee070 JavaThread "http-nio-8080-exec-1" daemon [_thread_blocked, id=2616, stack(0x000000145fa00000,0x000000145fb00000)]
  0x0000017afb4eea90 JavaThread "http-nio-8080-exec-2" daemon [_thread_blocked, id=4032, stack(0x000000145fb00000,0x000000145fc00000)]
  0x0000017afb4ef4b0 JavaThread "http-nio-8080-exec-3" daemon [_thread_blocked, id=3444, stack(0x000000145fc00000,0x000000145fd00000)]
  0x0000017afb4f03e0 JavaThread "http-nio-8080-exec-4" daemon [_thread_blocked, id=8956, stack(0x000000145fd00000,0x000000145fe00000)]
  0x0000017afb4f08f0 JavaThread "http-nio-8080-exec-5" daemon [_thread_blocked, id=9160, stack(0x000000145fe00000,0x000000145ff00000)]
  0x0000017afb4f0e00 JavaThread "http-nio-8080-exec-6" daemon [_thread_blocked, id=8612, stack(0x000000145ff00000,0x0000001460000000)]
  0x0000017afb4f1310 JavaThread "http-nio-8080-exec-7" daemon [_thread_blocked, id=5376, stack(0x0000001460000000,0x0000001460100000)]
  0x0000017afb4ef9c0 JavaThread "http-nio-8080-exec-8" daemon [_thread_blocked, id=12328, stack(0x0000001460100000,0x0000001460200000)]
  0x0000017afb4f1820 JavaThread "http-nio-8080-exec-9" daemon [_thread_blocked, id=11548, stack(0x0000001460200000,0x0000001460300000)]
  0x0000017afae41a40 JavaThread "http-nio-8080-exec-10" daemon [_thread_blocked, id=7856, stack(0x0000001460300000,0x0000001460400000)]
  0x0000017afae40b10 JavaThread "http-nio-8080-Poller" daemon [_thread_in_native, id=5988, stack(0x0000001460400000,0x0000001460500000)]
  0x0000017afbc83590 JavaThread "http-nio-8080-Acceptor" daemon [_thread_in_native, id=13556, stack(0x0000001460500000,0x0000001460600000)]
  0x0000017afbc895c0 JavaThread "DestroyJavaVM" [_thread_blocked, id=14200, stack(0x000000145da00000,0x000000145db00000)]
  0x0000017af6cb6350 JavaThread "C2 CompilerThread1" daemon [_thread_in_native, id=2620, stack(0x000000145d800000,0x000000145d900000)]

Other Threads:
  0x0000017af18d2690 VMThread "VM Thread" [stack: 0x000000145e000000,0x000000145e100000] [id=12152]
  0x0000017af1b70550 WatcherThread [stack: 0x000000145ee00000,0x000000145ef00000] [id=10776]
  0x0000017acdeb4ed0 GCTaskThread "GC Thread#0" [stack: 0x000000145db00000,0x000000145dc00000] [id=5800]
  0x0000017af68f7680 GCTaskThread "GC Thread#1" [stack: 0x000000145f100000,0x000000145f200000] [id=13568]
  0x0000017af666d0f0 GCTaskThread "GC Thread#2" [stack: 0x000000145f200000,0x000000145f300000] [id=14248]
  0x0000017af666d3b0 GCTaskThread "GC Thread#3" [stack: 0x000000145f300000,0x000000145f400000] [id=5300]
  0x0000017acdec5e80 ConcurrentGCThread "G1 Main Marker" [stack: 0x000000145dc00000,0x000000145dd00000] [id=4216]
  0x0000017acdec7040 ConcurrentGCThread "G1 Conc#0" [stack: 0x000000145dd00000,0x000000145de00000] [id=12700]
  0x0000017af17944e0 ConcurrentGCThread "G1 Refine#0" [stack: 0x000000145de00000,0x000000145df00000] [id=11120]
  0x0000017acdefae00 ConcurrentGCThread "G1 Service" [stack: 0x000000145df00000,0x000000145e000000] [id=8432]

Threads with active compile tasks:
C2 CompilerThread0    69299 6222   !   4       java.net.URL::<init> (543 bytes)
C2 CompilerThread1    69299 6251       4       java.lang.Class::descriptorString (170 bytes)

VM state: not at safepoint (normal execution)

VM Mutex/Monitor currently owned by a thread: None

Heap address: 0x0000000715c00000, size: 3748 MB, Compressed Oops mode: Zero based, Oop shift amount: 3

CDS archive(s) mapped at: [0x0000017a80000000-0x0000017a80ba0000-0x0000017a80ba0000), size 12189696, SharedBaseAddress: 0x0000017a80000000, ArchiveRelocationMode: 1.
Compressed class space mapped at: 0x0000017a81000000-0x0000017ac1000000, reserved size: 1073741824
Narrow klass base: 0x0000017a80000000, Narrow klass shift: 0, Narrow klass range: 0x100000000

GC Precious Log:
 CPUs: 4 total, 4 available
 Memory: 14987M
 Large Page Support: Disabled
 NUMA Support: Disabled
 Compressed Oops: Enabled (Zero based)
 Heap Region Size: 2M
 Heap Min Capacity: 8M
 Heap Initial Capacity: 236M
 Heap Max Capacity: 3748M
 Pre-touch: Disabled
 Parallel Workers: 4
 Concurrent Workers: 1
 Concurrent Refinement Workers: 4
 Periodic GC: Disabled

Heap:
 garbage-first heap   total 149504K, used 94155K [0x0000000715c00000, 0x0000000800000000)
  region size 2048K, 36 young (73728K), 2 survivors (4096K)
 Metaspace       used 72117K, committed 72704K, reserved 1114112K
  class space    used 9856K, committed 10112K, reserved 1048576K

Heap Regions: E=young(eden), S=young(survivor), O=old, HS=humongous(starts), HC=humongous(continues), CS=collection set, F=free, OA=open archive, CA=closed archive, TAMS=top-at-mark-start (previous, next)
|   0|0x0000000715c00000, 0x0000000715e00000, 0x0000000715e00000|100%| O|  |TAMS 0x0000000715e00000, 0x0000000715c00000| Untracked 
|   1|0x0000000715e00000, 0x0000000716000000, 0x0000000716000000|100%| O|  |TAMS 0x0000000716000000, 0x0000000715e00000| Untracked 
|   2|0x0000000716000000, 0x00000007161b1a00, 0x0000000716200000| 84%| O|  |TAMS 0x00000007161b1a00, 0x0000000716000000| Untracked 
|   3|0x0000000716200000, 0x0000000716400000, 0x0000000716400000|100%| O|  |TAMS 0x0000000716400000, 0x0000000716200000| Untracked 
|   4|0x0000000716400000, 0x0000000716600000, 0x0000000716600000|100%| O|  |TAMS 0x0000000716600000, 0x0000000716400000| Untracked 
|   5|0x0000000716600000, 0x0000000716800000, 0x0000000716800000|100%| O|  |TAMS 0x0000000716800000, 0x0000000716600000| Untracked 
|   6|0x0000000716800000, 0x0000000716a00000, 0x0000000716a00000|100%| O|  |TAMS 0x0000000716a00000, 0x0000000716800000| Untracked 
|   7|0x0000000716a00000, 0x0000000716c00000, 0x0000000716c00000|100%| O|  |TAMS 0x0000000716c00000, 0x0000000716a00000| Untracked 
|   8|0x0000000716c00000, 0x0000000716e00000, 0x0000000716e00000|100%| O|  |TAMS 0x0000000716cf0600, 0x0000000716c00000| Untracked 
|   9|0x0000000716e00000, 0x0000000717000000, 0x0000000717000000|100%| O|  |TAMS 0x0000000716e00000, 0x0000000716e00000| Untracked 
|  10|0x0000000717000000, 0x0000000717200000, 0x0000000717200000|100%| O|  |TAMS 0x0000000717000000, 0x0000000717000000| Untracked 
|  11|0x0000000717200000, 0x000000071732f400, 0x0000000717400000| 59%| O|  |TAMS 0x0000000717200000, 0x0000000717200000| Untracked 
|  12|0x0000000717400000, 0x0000000717400000, 0x0000000717600000|  0%| F|  |TAMS 0x0000000717400000, 0x0000000717400000| Untracked 
|  13|0x0000000717600000, 0x0000000717600000, 0x0000000717800000|  0%| F|  |TAMS 0x0000000717600000, 0x0000000717600000| Untracked 
|  14|0x0000000717800000, 0x0000000717800000, 0x0000000717a00000|  0%| F|  |TAMS 0x0000000717800000, 0x0000000717800000| Untracked 
|  15|0x0000000717a00000, 0x0000000717b11eb8, 0x0000000717c00000| 53%| S|CS|TAMS 0x0000000717a00000, 0x0000000717a00000| Complete 
|  16|0x0000000717c00000, 0x0000000717c00000, 0x0000000717e00000|  0%| F|  |TAMS 0x0000000717c00000, 0x0000000717c00000| Untracked 
|  17|0x0000000717e00000, 0x0000000718000000, 0x0000000718000000|100%| S|CS|TAMS 0x0000000717e00000, 0x0000000717e00000| Complete 
|  18|0x0000000718000000, 0x0000000718000000, 0x0000000718200000|  0%| F|  |TAMS 0x0000000718000000, 0x0000000718000000| Untracked 
|  19|0x0000000718200000, 0x0000000718200000, 0x0000000718400000|  0%| F|  |TAMS 0x0000000718200000, 0x0000000718200000| Untracked 
|  20|0x0000000718400000, 0x0000000718400000, 0x0000000718600000|  0%| F|  |TAMS 0x0000000718400000, 0x0000000718400000| Untracked 
|  21|0x0000000718600000, 0x0000000718600000, 0x0000000718800000|  0%| F|  |TAMS 0x0000000718600000, 0x0000000718600000| Untracked 
|  22|0x0000000718800000, 0x0000000718800000, 0x0000000718a00000|  0%| F|  |TAMS 0x0000000718800000, 0x0000000718800000| Untracked 
|  23|0x0000000718a00000, 0x0000000718a00000, 0x0000000718c00000|  0%| F|  |TAMS 0x0000000718a00000, 0x0000000718a00000| Untracked 
|  24|0x0000000718c00000, 0x0000000718c00000, 0x0000000718e00000|  0%| F|  |TAMS 0x0000000718c00000, 0x0000000718c00000| Untracked 
|  25|0x0000000718e00000, 0x0000000718e00000, 0x0000000719000000|  0%| F|  |TAMS 0x0000000718e00000, 0x0000000718e00000| Untracked 
|  26|0x0000000719000000, 0x0000000719000000, 0x0000000719200000|  0%| F|  |TAMS 0x0000000719000000, 0x0000000719000000| Untracked 
|  27|0x0000000719200000, 0x0000000719200000, 0x0000000719400000|  0%| F|  |TAMS 0x0000000719200000, 0x0000000719200000| Untracked 
|  28|0x0000000719400000, 0x0000000719400000, 0x0000000719600000|  0%| F|  |TAMS 0x0000000719400000, 0x0000000719400000| Untracked 
|  29|0x0000000719600000, 0x0000000719600000, 0x0000000719800000|  0%| F|  |TAMS 0x0000000719600000, 0x0000000719600000| Untracked 
|  30|0x0000000719800000, 0x0000000719800000, 0x0000000719a00000|  0%| F|  |TAMS 0x0000000719800000, 0x0000000719800000| Untracked 
|  31|0x0000000719a00000, 0x0000000719a00000, 0x0000000719c00000|  0%| F|  |TAMS 0x0000000719a00000, 0x0000000719a00000| Untracked 
|  32|0x0000000719c00000, 0x0000000719c00000, 0x0000000719e00000|  0%| F|  |TAMS 0x0000000719c00000, 0x0000000719c00000| Untracked 
|  33|0x0000000719e00000, 0x0000000719e00000, 0x000000071a000000|  0%| F|  |TAMS 0x0000000719e00000, 0x0000000719e00000| Untracked 
|  34|0x000000071a000000, 0x000000071a000000, 0x000000071a200000|  0%| F|  |TAMS 0x000000071a000000, 0x000000071a000000| Untracked 
|  35|0x000000071a200000, 0x000000071a200000, 0x000000071a400000|  0%| F|  |TAMS 0x000000071a200000, 0x000000071a200000| Untracked 
|  36|0x000000071a400000, 0x000000071a400000, 0x000000071a600000|  0%| F|  |TAMS 0x000000071a400000, 0x000000071a400000| Untracked 
|  37|0x000000071a600000, 0x000000071a600000, 0x000000071a800000|  0%| F|  |TAMS 0x000000071a600000, 0x000000071a600000| Untracked 
|  38|0x000000071a800000, 0x000000071a800000, 0x000000071aa00000|  0%| F|  |TAMS 0x000000071a800000, 0x000000071a800000| Untracked 
|  39|0x000000071aa00000, 0x000000071ab215a0, 0x000000071ac00000| 56%| E|  |TAMS 0x000000071aa00000, 0x000000071aa00000| Complete 
|  40|0x000000071ac00000, 0x000000071ae00000, 0x000000071ae00000|100%| E|CS|TAMS 0x000000071ac00000, 0x000000071ac00000| Complete 
|  41|0x000000071ae00000, 0x000000071b000000, 0x000000071b000000|100%| E|CS|TAMS 0x000000071ae00000, 0x000000071ae00000| Complete 
|  42|0x000000071b000000, 0x000000071b200000, 0x000000071b200000|100%| E|CS|TAMS 0x000000071b000000, 0x000000071b000000| Complete 
|  43|0x000000071b200000, 0x000000071b400000, 0x000000071b400000|100%| E|CS|TAMS 0x000000071b200000, 0x000000071b200000| Complete 
|  44|0x000000071b400000, 0x000000071b600000, 0x000000071b600000|100%| E|CS|TAMS 0x000000071b400000, 0x000000071b400000| Complete 
|  45|0x000000071b600000, 0x000000071b800000, 0x000000071b800000|100%| E|CS|TAMS 0x000000071b600000, 0x000000071b600000| Complete 
|  46|0x000000071b800000, 0x000000071ba00000, 0x000000071ba00000|100%| E|CS|TAMS 0x000000071b800000, 0x000000071b800000| Complete 
|  47|0x000000071ba00000, 0x000000071bc00000, 0x000000071bc00000|100%| E|CS|TAMS 0x000000071ba00000, 0x000000071ba00000| Complete 
|  48|0x000000071bc00000, 0x000000071be00000, 0x000000071be00000|100%| E|CS|TAMS 0x000000071bc00000, 0x000000071bc00000| Complete 
|  49|0x000000071be00000, 0x000000071c000000, 0x000000071c000000|100%| E|CS|TAMS 0x000000071be00000, 0x000000071be00000| Complete 
|  50|0x000000071c000000, 0x000000071c200000, 0x000000071c200000|100%| E|CS|TAMS 0x000000071c000000, 0x000000071c000000| Complete 
|  51|0x000000071c200000, 0x000000071c400000, 0x000000071c400000|100%| E|CS|TAMS 0x000000071c200000, 0x000000071c200000| Complete 
|  52|0x000000071c400000, 0x000000071c600000, 0x000000071c600000|100%| E|CS|TAMS 0x000000071c400000, 0x000000071c400000| Complete 
|  53|0x000000071c600000, 0x000000071c800000, 0x000000071c800000|100%| E|CS|TAMS 0x000000071c600000, 0x000000071c600000| Complete 
|  54|0x000000071c800000, 0x000000071ca00000, 0x000000071ca00000|100%| E|CS|TAMS 0x000000071c800000, 0x000000071c800000| Complete 
|  55|0x000000071ca00000, 0x000000071cc00000, 0x000000071cc00000|100%| E|CS|TAMS 0x000000071ca00000, 0x000000071ca00000| Complete 
|  56|0x000000071cc00000, 0x000000071ce00000, 0x000000071ce00000|100%| E|CS|TAMS 0x000000071cc00000, 0x000000071cc00000| Complete 
|  57|0x000000071ce00000, 0x000000071d000000, 0x000000071d000000|100%| E|CS|TAMS 0x000000071ce00000, 0x000000071ce00000| Complete 
|  58|0x000000071d000000, 0x000000071d200000, 0x000000071d200000|100%| E|CS|TAMS 0x000000071d000000, 0x000000071d000000| Complete 
|  59|0x000000071d200000, 0x000000071d400000, 0x000000071d400000|100%| E|CS|TAMS 0x000000071d200000, 0x000000071d200000| Complete 
|  60|0x000000071d400000, 0x000000071d600000, 0x000000071d600000|100%| E|CS|TAMS 0x000000071d400000, 0x000000071d400000| Complete 
|  61|0x000000071d600000, 0x000000071d800000, 0x000000071d800000|100%| E|CS|TAMS 0x000000071d600000, 0x000000071d600000| Complete 
|  62|0x000000071d800000, 0x000000071da00000, 0x000000071da00000|100%| E|CS|TAMS 0x000000071d800000, 0x000000071d800000| Complete 
|  63|0x000000071da00000, 0x000000071dc00000, 0x000000071dc00000|100%| E|CS|TAMS 0x000000071da00000, 0x000000071da00000| Complete 
|  64|0x000000071dc00000, 0x000000071de00000, 0x000000071de00000|100%| E|CS|TAMS 0x000000071dc00000, 0x000000071dc00000| Complete 
|  65|0x000000071de00000, 0x000000071e000000, 0x000000071e000000|100%| E|CS|TAMS 0x000000071de00000, 0x000000071de00000| Complete 
|  66|0x000000071e000000, 0x000000071e200000, 0x000000071e200000|100%| E|CS|TAMS 0x000000071e000000, 0x000000071e000000| Complete 
|  67|0x000000071e200000, 0x000000071e400000, 0x000000071e400000|100%| E|CS|TAMS 0x000000071e200000, 0x000000071e200000| Complete 
|  84|0x0000000720400000, 0x0000000720600000, 0x0000000720600000|100%| E|CS|TAMS 0x0000000720400000, 0x0000000720400000| Complete 
|  85|0x0000000720600000, 0x0000000720800000, 0x0000000720800000|100%| E|CS|TAMS 0x0000000720600000, 0x0000000720600000| Complete 
|  86|0x0000000720800000, 0x0000000720a00000, 0x0000000720a00000|100%| E|CS|TAMS 0x0000000720800000, 0x0000000720800000| Complete 
|  87|0x0000000720a00000, 0x0000000720c00000, 0x0000000720c00000|100%| E|CS|TAMS 0x0000000720a00000, 0x0000000720a00000| Complete 
| 117|0x0000000724600000, 0x0000000724800000, 0x0000000724800000|100%| E|CS|TAMS 0x0000000724600000, 0x0000000724600000| Complete 

Card table byte_map: [0x0000017ae6ec0000,0x0000017ae7620000] _byte_map_base: 0x0000017ae3612000

Marking Bits (Prev, Next): (CMBitMap*) 0x0000017acdeb6540, (CMBitMap*) 0x0000017acdeb6500
 Prev Bits: [0x0000017aeb810000, 0x0000017aef2a0000)
 Next Bits: [0x0000017ae7d80000, 0x0000017aeb810000)

Polling page: 0x0000017acdcf0000

Metaspace:

Usage:
  Non-class:     60.80 MB used.
      Class:      9.63 MB used.
       Both:     70.43 MB used.

Virtual space:
  Non-class space:       64.00 MB reserved,      61.12 MB ( 96%) committed,  1 nodes.
      Class space:        1.00 GB reserved,       9.88 MB ( <1%) committed,  1 nodes.
             Both:        1.06 GB reserved,      71.00 MB (  7%) committed. 

Chunk freelists:
   Non-Class:  2.92 MB
       Class:  6.03 MB
        Both:  8.95 MB

MaxMetaspaceSize: unlimited
CompressedClassSpaceSize: 1.00 GB
Initial GC threshold: 21.00 MB
Current GC threshold: 73.38 MB
CDS: on
MetaspaceReclaimPolicy: balanced
 - commit_granule_bytes: 65536.
 - commit_granule_words: 8192.
 - virtual_space_node_default_size: 8388608.
 - enlarge_chunks_in_place: 1.
 - new_chunks_are_fully_committed: 0.
 - uncommit_free_chunks: 1.
 - use_allocation_guard: 0.
 - handle_deallocations: 1.


Internal statistics:

num_allocs_failed_limit: 9.
num_arena_births: 750.
num_arena_deaths: 0.
num_vsnodes_births: 2.
num_vsnodes_deaths: 0.
num_space_committed: 1136.
num_space_uncommitted: 0.
num_chunks_returned_to_freelist: 9.
num_chunks_taken_from_freelist: 3198.
num_chunk_merges: 6.
num_chunk_splits: 2394.
num_chunks_enlarged: 1952.
num_inconsistent_stats: 0.

CodeHeap 'non-profiled nmethods': size=120000Kb used=3635Kb max_used=3635Kb free=116364Kb
 bounds [0x0000017adec00000, 0x0000017adefa0000, 0x0000017ae6130000]
CodeHeap 'profiled nmethods': size=120000Kb used=10829Kb max_used=11596Kb free=109170Kb
 bounds [0x0000017ad7130000, 0x0000017ad7ca0000, 0x0000017ade660000]
CodeHeap 'non-nmethods': size=5760Kb used=1434Kb max_used=1508Kb free=4326Kb
 bounds [0x0000017ade660000, 0x0000017ade8d0000, 0x0000017adec00000]
 total_blobs=6160 nmethods=5458 adapters=613
 compilation: enabled
              stopped_count=0, restarted_count=0
 full_count=0

Compilation events (20 events):
Event: 69.119 Thread 0x0000017af18fdd60 nmethod 6230 0x0000017aded82490 code [0x0000017aded82620, 0x0000017aded826f8]
Event: 69.119 Thread 0x0000017af18fdd60 6231       1       org.hibernate.persister.entity.AbstractEntityPersister::getStaticFetchableList (5 bytes)
Event: 69.119 Thread 0x0000017af18fdd60 nmethod 6231 0x0000017aded82190 code [0x0000017aded82320, 0x0000017aded823f8]
Event: 69.121 Thread 0x0000017af18fdd60 6232       1       org.hibernate.sql.exec.internal.BaseExecutionContext::getSession (5 bytes)
Event: 69.121 Thread 0x0000017af18fdd60 nmethod 6232 0x0000017aded81e90 code [0x0000017aded82020, 0x0000017aded820f8]
Event: 69.122 Thread 0x0000017af18fdd60 6233       1       org.hibernate.metamodel.mapping.internal.AbstractStateArrayContributorMapping::getStateArrayPosition (5 bytes)
Event: 69.122 Thread 0x0000017af18fdd60 nmethod 6233 0x0000017aded81b90 code [0x0000017aded81d20, 0x0000017aded81df8]
Event: 69.124 Thread 0x0000017af18fdd60 6234       3       org.hibernate.sql.ast.tree.expression.ColumnReference::getExpressionType (5 bytes)
Event: 69.124 Thread 0x0000017af18fdd60 nmethod 6234 0x0000017ad7a0f010 code [0x0000017ad7a0f1a0, 0x0000017ad7a0f2d8]
Event: 69.124 Thread 0x0000017af18fdd60 6235       3       com.sun.crypto.provider.CounterMode::crypt (32 bytes)
Event: 69.125 Thread 0x0000017af18fdd60 nmethod 6235 0x0000017ad7a0e610 code [0x0000017ad7a0e820, 0x0000017ad7a0ed68]
Event: 69.126 Thread 0x0000017af18fdd60 6237       3       com.mysql.cj.protocol.a.NativeProtocol::checkErrorMessage (380 bytes)
Event: 69.128 Thread 0x0000017af6cb6350 nmethod 6229 0x0000017aded80f10 code [0x0000017aded810e0, 0x0000017aded81630]
Event: 69.128 Thread 0x0000017af6cb6350 6236   !   4       java.nio.ByteBuffer::wrap (21 bytes)
Event: 69.129 Thread 0x0000017af18fdd60 nmethod 6237 0x0000017ad72ec210 code [0x0000017ad72ec7c0, 0x0000017ad72ef2e8]
Event: 69.130 Thread 0x0000017af18fdd60 6238       3       org.hibernate.internal.SessionFactoryImpl::isClosed (16 bytes)
Event: 69.130 Thread 0x0000017af18fdd60 nmethod 6238 0x0000017ad7a0e290 code [0x0000017ad7a0e420, 0x0000017ad7a0e598]
Event: 69.130 Thread 0x0000017af18fdd60 6239       3       org.hibernate.internal.AbstractSharedSessionContract::isClosed (23 bytes)
Event: 69.130 Thread 0x0000017af18fdd60 nmethod 6239 0x0000017ad7a0dd90 code [0x0000017ad7a0df40, 0x0000017ad7a0e1d8]
Event: 69.130 Thread 0x0000017af18fdd60 6244       3       com.mysql.cj.protocol.result.AbstractResultsetRow::decodeAndCreateReturnValue (1125 bytes)

GC Heap History (20 events):
Event: 5.006 GC heap before
{Heap before GC invocations=5 (full 0):
 garbage-first heap   total 55296K, used 37746K [0x0000000715c00000, 0x0000000800000000)
  region size 2048K, 16 young (32768K), 4 survivors (8192K)
 Metaspace       used 26606K, committed 27072K, reserved 1114112K
  class space    used 3351K, committed 3584K, reserved 1048576K
}
Event: 5.025 GC heap after
{Heap after GC invocations=6 (full 0):
 garbage-first heap   total 55296K, used 16038K [0x0000000715c00000, 0x0000000800000000)
  region size 2048K, 2 young (4096K), 2 survivors (4096K)
 Metaspace       used 26606K, committed 27072K, reserved 1114112K
  class space    used 3351K, committed 3584K, reserved 1048576K
}
Event: 6.004 GC heap before
{Heap before GC invocations=6 (full 0):
 garbage-first heap   total 55296K, used 34470K [0x0000000715c00000, 0x0000000800000000)
  region size 2048K, 11 young (22528K), 2 survivors (4096K)
 Metaspace       used 30033K, committed 30464K, reserved 1114112K
  class space    used 3809K, committed 3968K, reserved 1048576K
}
Event: 6.011 GC heap after
{Heap after GC invocations=7 (full 0):
 garbage-first heap   total 55296K, used 17379K [0x0000000715c00000, 0x0000000800000000)
  region size 2048K, 1 young (2048K), 1 survivors (2048K)
 Metaspace       used 30033K, committed 30464K, reserved 1114112K
  class space    used 3809K, committed 3968K, reserved 1048576K
}
Event: 6.772 GC heap before
{Heap before GC invocations=7 (full 0):
 garbage-first heap   total 55296K, used 35811K [0x0000000715c00000, 0x0000000800000000)
  region size 2048K, 11 young (22528K), 1 survivors (2048K)
 Metaspace       used 35674K, committed 36096K, reserved 1114112K
  class space    used 4632K, committed 4864K, reserved 1048576K
}
Event: 6.778 GC heap after
{Heap after GC invocations=8 (full 0):
 garbage-first heap   total 55296K, used 18356K [0x0000000715c00000, 0x0000000800000000)
  region size 2048K, 2 young (4096K), 2 survivors (4096K)
 Metaspace       used 35674K, committed 36096K, reserved 1114112K
  class space    used 4632K, committed 4864K, reserved 1048576K
}
Event: 6.782 GC heap before
{Heap before GC invocations=8 (full 0):
 garbage-first heap   total 55296K, used 18356K [0x0000000715c00000, 0x0000000800000000)
  region size 2048K, 3 young (6144K), 2 survivors (4096K)
 Metaspace       used 35758K, committed 36160K, reserved 1114112K
  class space    used 4632K, committed 4864K, reserved 1048576K
}
Event: 6.786 GC heap after
{Heap after GC invocations=9 (full 0):
 garbage-first heap   total 55296K, used 18680K [0x0000000715c00000, 0x0000000800000000)
  region size 2048K, 1 young (2048K), 1 survivors (2048K)
 Metaspace       used 35758K, committed 36160K, reserved 1114112K
  class space    used 4632K, committed 4864K, reserved 1048576K
}
Event: 7.802 GC heap before
{Heap before GC invocations=10 (full 0):
 garbage-first heap   total 55296K, used 39160K [0x0000000715c00000, 0x0000000800000000)
  region size 2048K, 11 young (22528K), 1 survivors (2048K)
 Metaspace       used 44457K, committed 44928K, reserved 1114112K
  class space    used 5740K, committed 5952K, reserved 1048576K
}
Event: 7.809 GC heap after
{Heap after GC invocations=11 (full 0):
 garbage-first heap   total 55296K, used 20522K [0x0000000715c00000, 0x0000000800000000)
  region size 2048K, 2 young (4096K), 2 survivors (4096K)
 Metaspace       used 44457K, committed 44928K, reserved 1114112K
  class space    used 5740K, committed 5952K, reserved 1048576K
}
Event: 8.451 GC heap before
{Heap before GC invocations=12 (full 0):
 garbage-first heap   total 55296K, used 38954K [0x0000000715c00000, 0x0000000800000000)
  region size 2048K, 11 young (22528K), 2 survivors (4096K)
 Metaspace       used 49128K, committed 49600K, reserved 1114112K
  class space    used 6289K, committed 6528K, reserved 1048576K
}
Event: 8.459 GC heap after
{Heap after GC invocations=13 (full 0):
 garbage-first heap   total 55296K, used 21634K [0x0000000715c00000, 0x0000000800000000)
  region size 2048K, 1 young (2048K), 1 survivors (2048K)
 Metaspace       used 49128K, committed 49600K, reserved 1114112K
  class space    used 6289K, committed 6528K, reserved 1048576K
}
Event: 9.183 GC heap before
{Heap before GC invocations=13 (full 0):
 garbage-first heap   total 55296K, used 40066K [0x0000000715c00000, 0x0000000800000000)
  region size 2048K, 10 young (20480K), 1 survivors (2048K)
 Metaspace       used 54052K, committed 54528K, reserved 1114112K
  class space    used 7189K, committed 7424K, reserved 1048576K
}
Event: 9.189 GC heap after
{Heap after GC invocations=14 (full 0):
 garbage-first heap   total 55296K, used 22168K [0x0000000715c00000, 0x0000000800000000)
  region size 2048K, 1 young (2048K), 1 survivors (2048K)
 Metaspace       used 54052K, committed 54528K, reserved 1114112K
  class space    used 7189K, committed 7424K, reserved 1048576K
}
Event: 10.174 GC heap before
{Heap before GC invocations=14 (full 0):
 garbage-first heap   total 55296K, used 38552K [0x0000000715c00000, 0x0000000800000000)
  region size 2048K, 10 young (20480K), 1 survivors (2048K)
 Metaspace       used 58344K, committed 58816K, reserved 1114112K
  class space    used 7787K, committed 8000K, reserved 1048576K
}
Event: 10.181 GC heap after
{Heap after GC invocations=15 (full 0):
 garbage-first heap   total 55296K, used 23527K [0x0000000715c00000, 0x0000000800000000)
  region size 2048K, 2 young (4096K), 2 survivors (4096K)
 Metaspace       used 58344K, committed 58816K, reserved 1114112K
  class space    used 7787K, committed 8000K, reserved 1048576K
}
Event: 10.832 GC heap before
{Heap before GC invocations=15 (full 0):
 garbage-first heap   total 55296K, used 39911K [0x0000000715c00000, 0x0000000800000000)
  region size 2048K, 10 young (20480K), 2 survivors (4096K)
 Metaspace       used 60780K, committed 61312K, reserved 1114112K
  class space    used 8121K, committed 8384K, reserved 1048576K
}
Event: 10.840 GC heap after
{Heap after GC invocations=16 (full 0):
 garbage-first heap   total 55296K, used 24349K [0x0000000715c00000, 0x0000000800000000)
  region size 2048K, 2 young (4096K), 2 survivors (4096K)
 Metaspace       used 60780K, committed 61312K, reserved 1114112K
  class space    used 8121K, committed 8384K, reserved 1048576K
}
Event: 11.521 GC heap before
{Heap before GC invocations=16 (full 0):
 garbage-first heap   total 55296K, used 40733K [0x0000000715c00000, 0x0000000800000000)
  region size 2048K, 10 young (20480K), 2 survivors (4096K)
 Metaspace       used 64250K, committed 64704K, reserved 1114112K
  class space    used 8820K, committed 9024K, reserved 1048576K
}
Event: 11.530 GC heap after
{Heap after GC invocations=17 (full 0):
 garbage-first heap   total 149504K, used 26571K [0x0000000715c00000, 0x0000000800000000)
  region size 2048K, 2 young (4096K), 2 survivors (4096K)
 Metaspace       used 64250K, committed 64704K, reserved 1114112K
  class space    used 8820K, committed 9024K, reserved 1048576K
}

Dll operation events (10 events):
Event: 0.009 Loaded shared library C:\Users\ism_k\AppData\Local\Programs\Eclipse Adoptium\jdk-17.0.9.9-hotspot\bin\java.dll
Event: 0.031 Loaded shared library C:\Users\ism_k\AppData\Local\Programs\Eclipse Adoptium\jdk-17.0.9.9-hotspot\bin\jsvml.dll
Event: 0.281 Loaded shared library C:\Users\ism_k\AppData\Local\Programs\Eclipse Adoptium\jdk-17.0.9.9-hotspot\bin\net.dll
Event: 0.283 Loaded shared library C:\Users\ism_k\AppData\Local\Programs\Eclipse Adoptium\jdk-17.0.9.9-hotspot\bin\nio.dll
Event: 0.299 Loaded shared library C:\Users\ism_k\AppData\Local\Programs\Eclipse Adoptium\jdk-17.0.9.9-hotspot\bin\zip.dll
Event: 0.513 Loaded shared library C:\Users\ism_k\AppData\Local\Programs\Eclipse Adoptium\jdk-17.0.9.9-hotspot\bin\jimage.dll
Event: 2.429 Loaded shared library C:\Users\ism_k\AppData\Local\Programs\Eclipse Adoptium\jdk-17.0.9.9-hotspot\bin\sunmscapi.dll
Event: 5.075 Loaded shared library C:\Users\ism_k\AppData\Local\Programs\Eclipse Adoptium\jdk-17.0.9.9-hotspot\bin\management.dll
Event: 5.078 Loaded shared library C:\Users\ism_k\AppData\Local\Programs\Eclipse Adoptium\jdk-17.0.9.9-hotspot\bin\management_ext.dll
Event: 6.320 Loaded shared library C:\Users\ism_k\AppData\Local\Programs\Eclipse Adoptium\jdk-17.0.9.9-hotspot\bin\verify.dll

Deoptimization events (20 events):
Event: 69.012 Thread 0x0000017afb4eea90 DEOPT PACKING pc=0x0000017ad72f2bbc sp=0x000000145fbf7760
Event: 69.012 Thread 0x0000017afb4eea90 DEOPT UNPACKING pc=0x0000017ade6b7143 sp=0x000000145fbf6c50 mode 1
Event: 69.014 Thread 0x0000017afb4eea90 DEOPT PACKING pc=0x0000017ad72f2bbc sp=0x000000145fbf7760
Event: 69.014 Thread 0x0000017afb4eea90 DEOPT UNPACKING pc=0x0000017ade6b7143 sp=0x000000145fbf6c50 mode 1
Event: 69.029 Thread 0x0000017afb4eea90 Uncommon trap: trap_request=0xffffff45 fr.pc=0x0000017adec5cb28 relative=0x00000000000000a8
Event: 69.029 Thread 0x0000017afb4eea90 Uncommon trap: reason=unstable_if action=reinterpret pc=0x0000017adec5cb28 method=java.lang.CharacterDataLatin1.isWhitespace(I)Z @ 14 c2
Event: 69.029 Thread 0x0000017afb4eea90 DEOPT PACKING pc=0x0000017adec5cb28 sp=0x000000145fbf7600
Event: 69.029 Thread 0x0000017afb4eea90 DEOPT UNPACKING pc=0x0000017ade6b69a3 sp=0x000000145fbf7590 mode 2
Event: 69.058 Thread 0x0000017afb4eea90 DEOPT PACKING pc=0x0000017ad72f2bbc sp=0x000000145fbf7340
Event: 69.058 Thread 0x0000017afb4eea90 DEOPT UNPACKING pc=0x0000017ade6b7143 sp=0x000000145fbf6830 mode 1
Event: 69.059 Thread 0x0000017afb4eea90 DEOPT PACKING pc=0x0000017ad72f2bbc sp=0x000000145fbf7340
Event: 69.059 Thread 0x0000017afb4eea90 DEOPT UNPACKING pc=0x0000017ade6b7143 sp=0x000000145fbf6830 mode 1
Event: 69.079 Thread 0x0000017afb4eea90 DEOPT PACKING pc=0x0000017ad72f2bbc sp=0x000000145fbf7280
Event: 69.079 Thread 0x0000017afb4eea90 DEOPT UNPACKING pc=0x0000017ade6b7143 sp=0x000000145fbf6770 mode 1
Event: 69.079 Thread 0x0000017afb4eea90 DEOPT PACKING pc=0x0000017ad72f2bbc sp=0x000000145fbf7280
Event: 69.079 Thread 0x0000017afb4eea90 DEOPT UNPACKING pc=0x0000017ade6b7143 sp=0x000000145fbf6770 mode 1
Event: 69.084 Thread 0x0000017afb4eea90 DEOPT PACKING pc=0x0000017ad72f2bbc sp=0x000000145fbf74b0
Event: 69.084 Thread 0x0000017afb4eea90 DEOPT UNPACKING pc=0x0000017ade6b7143 sp=0x000000145fbf69a0 mode 1
Event: 69.084 Thread 0x0000017afb4eea90 DEOPT PACKING pc=0x0000017ad72f2bbc sp=0x000000145fbf74b0
Event: 69.084 Thread 0x0000017afb4eea90 DEOPT UNPACKING pc=0x0000017ade6b7143 sp=0x000000145fbf69a0 mode 1

Classes unloaded (0 events):
No events

Classes redefined (0 events):
No events

Internal exceptions (20 events):
Event: 11.719 Thread 0x0000017acde4a280 Exception <a 'java/lang/reflect/InvocationTargetException'{0x000000071e240f00}> (0x000000071e240f00) 
thrown [s\src\hotspot\share\runtime\reflection.cpp, line 1121]
Event: 11.726 Thread 0x0000017acde4a280 Exception <a 'java/lang/reflect/InvocationTargetException'{0x000000071e25bd20}> (0x000000071e25bd20) 
thrown [s\src\hotspot\share\runtime\reflection.cpp, line 1121]
Event: 11.865 Thread 0x0000017acde4a280 Exception <a 'java/lang/reflect/InvocationTargetException'{0x000000071dd044e8}> (0x000000071dd044e8) 
thrown [s\src\hotspot\share\runtime\reflection.cpp, line 1121]
Event: 11.933 Thread 0x0000017acde4a280 Exception <a 'java/lang/reflect/InvocationTargetException'{0x000000071d68f2f0}> (0x000000071d68f2f0) 
thrown [s\src\hotspot\share\runtime\reflection.cpp, line 1121]
Event: 11.936 Thread 0x0000017acde4a280 Exception <a 'java/lang/reflect/InvocationTargetException'{0x000000071d6a2d40}> (0x000000071d6a2d40) 
thrown [s\src\hotspot\share\runtime\reflection.cpp, line 1121]
Event: 11.943 Thread 0x0000017acde4a280 Exception <a 'java/lang/reflect/InvocationTargetException'{0x000000071d6b52f8}> (0x000000071d6b52f8) 
thrown [s\src\hotspot\share\runtime\reflection.cpp, line 1121]
Event: 12.843 Thread 0x0000017acde4a280 Exception <a 'sun/nio/fs/WindowsException'{0x000000071cf2e4f8}> (0x000000071cf2e4f8) 
thrown [s\src\hotspot\share\prims\jni.cpp, line 516]
Event: 12.956 Thread 0x0000017acde4a280 Exception <a 'java/lang/IncompatibleClassChangeError'{0x000000071ca8d6e8}: Found class java.lang.Object, but interface was expected> (0x000000071ca8d6e8) 
thrown [s\src\hotspot\share\interpreter\linkResolver.cpp, line 826]
Event: 13.027 Thread 0x0000017acde4a280 Exception <a 'java/lang/NoSuchMethodError'{0x000000071c8351c8}: 'void java.lang.invoke.DirectMethodHandle$Holder.invokeVirtual(java.lang.Object, java.lang.Object, long)'> (0x000000071c8351c8) 
thrown [s\src\hotspot\share\interpreter\linkResolver.cpp, line 759]
Event: 13.184 Thread 0x0000017acde4a280 Exception <a 'java/lang/IncompatibleClassChangeError'{0x000000071c446e10}: Found class java.lang.Object, but interface was expected> (0x000000071c446e10) 
thrown [s\src\hotspot\share\interpreter\linkResolver.cpp, line 826]
Event: 13.199 Thread 0x0000017acde4a280 Implicit null exception at 0x0000017aded58bba to 0x0000017aded58de4
Event: 13.427 Thread 0x0000017acde4a280 Exception <a 'java/lang/NoSuchMethodError'{0x000000071bca0f18}: 'java.lang.Object java.lang.invoke.DirectMethodHandle$Holder.newInvokeSpecial(java.lang.Object, java.lang.Object, int, java.lang.Object, java.lang.Object)'> (0x000000071bca0f18) 
thrown [s\src\hotspot\share\interpreter\linkResolver.cpp, line 759]
Event: 13.430 Thread 0x0000017acde4a280 Exception <a 'java/lang/NoSuchMethodError'{0x000000071bcac498}: 'java.lang.Object java.lang.invoke.DirectMethodHandle$Holder.invokeSpecial(java.lang.Object, java.lang.Object, int, java.lang.Object, int, java.lang.Object)'> (0x000000071bcac498) 
thrown [s\src\hotspot\share\interpreter\linkResolver.cpp, line 759]
Event: 13.432 Thread 0x0000017acde4a280 Exception <a 'java/lang/NoSuchMethodError'{0x000000071bcb42a0}: 'java.lang.Object java.lang.invoke.DirectMethodHandle$Holder.newInvokeSpecial(java.lang.Object, java.lang.Object, int, java.lang.Object, int)'> (0x000000071bcb42a0) 
thrown [s\src\hotspot\share\interpreter\linkResolver.cpp, line 759]
Event: 13.433 Thread 0x0000017acde4a280 Exception <a 'java/lang/NoSuchMethodError'{0x000000071bcb83a0}: 'java.lang.Object java.lang.invoke.DirectMethodHandle$Holder.invokeSpecial(java.lang.Object, java.lang.Object, java.lang.Object, int, java.lang.Object, int)'> (0x000000071bcb83a0) 
thrown [s\src\hotspot\share\interpreter\linkResolver.cpp, line 759]
Event: 68.651 Thread 0x0000017afb4f03e0 Exception <a 'java/lang/NoSuchMethodError'{0x000000071bd89e00}: 'java.lang.Object java.lang.invoke.DirectMethodHandle$Holder.invokeSpecial(java.lang.Object, java.lang.Object, java.lang.Object, java.lang.Object, java.lang.Object, long)'> (0x000000071bd89e00) 
thrown [s\src\hotspot\share\interpreter\linkResolver.cpp, line 759]
Event: 68.651 Thread 0x0000017afb4f03e0 Exception <a 'java/lang/NoSuchMethodError'{0x000000071b5ca020}: 'java.lang.Object java.lang.invoke.Invokers$Holder.linkToTargetMethod(java.lang.Object, java.lang.Object, java.lang.Object, long, java.lang.Object)'> (0x000000071b5ca020) 
thrown [s\src\hotspot\share\interpreter\linkResolver.cpp, line 759]
Event: 68.936 Thread 0x0000017afb4eea90 Exception <a 'java/lang/NoSuchMethodError'{0x000000071b17f8e0}: 'java.lang.Object java.lang.invoke.DirectMethodHandle$Holder.invokeInterface(java.lang.Object, java.lang.Object, java.lang.Object, java.lang.Object)'> (0x000000071b17f8e0) 
thrown [s\src\hotspot\share\interpreter\linkResolver.cpp, line 759]
Event: 68.955 Thread 0x0000017afb4eea90 Exception <a 'java/lang/NoSuchMethodError'{0x000000071b1dfde0}: 'void java.lang.invoke.DirectMethodHandle$Holder.invokeSpecialIFC(java.lang.Object, java.lang.Object, int, java.lang.Object, java.lang.Object, java.lang.Object, java.lang.Object)'> (0x000000071b1dfde0) 
thrown [s\src\hotspot\share\interpreter\linkResolver.cpp, line 759]
Event: 69.106 Thread 0x0000017afb4eea90 Exception <a 'java/lang/IncompatibleClassChangeError'{0x000000071acc6af0}: Found class java.lang.Object, but interface was expected> (0x000000071acc6af0) 
thrown [s\src\hotspot\share\interpreter\linkResolver.cpp, line 826]

VM Operations (20 events):
Event: 12.636 Executing VM operation: Cleanup
Event: 12.636 Executing VM operation: Cleanup done
Event: 12.735 Executing VM operation: HandshakeAllThreads
Event: 12.735 Executing VM operation: HandshakeAllThreads done
Event: 13.063 Executing VM operation: HandshakeAllThreads
Event: 13.063 Executing VM operation: HandshakeAllThreads done
Event: 14.075 Executing VM operation: Cleanup
Event: 14.075 Executing VM operation: Cleanup done
Event: 27.157 Executing VM operation: Cleanup
Event: 27.157 Executing VM operation: Cleanup done
Event: 46.307 Executing VM operation: Cleanup
Event: 46.307 Executing VM operation: Cleanup done
Event: 60.133 Executing VM operation: HandshakeAllThreads
Event: 60.133 Executing VM operation: HandshakeAllThreads done
Event: 68.687 Executing VM operation: HandshakeAllThreads
Event: 68.687 Executing VM operation: HandshakeAllThreads done
Event: 68.687 Executing VM operation: Cleanup
Event: 68.687 Executing VM operation: Cleanup done
Event: 68.859 Executing VM operation: HandshakeAllThreads
Event: 68.859 Executing VM operation: HandshakeAllThreads done

Events (20 events):
Event: 68.576 loading class java/nio/channels/SelectionKey done
Event: 68.576 loading class java/nio/channels/spi/AbstractSelectionKey done
Event: 68.576 loading class sun/nio/ch/SelectionKeyImpl done
Event: 68.576 loading class java/lang/invoke/ConstantBootstraps
Event: 68.576 loading class java/lang/invoke/ConstantBootstraps done
Event: 68.645 Thread 0x0000017af6cb6350 Thread added: 0x0000017af6cb6350
Event: 68.657 loading class sun/nio/cs/ThreadLocalCoders
Event: 68.657 loading class sun/nio/cs/ThreadLocalCoders done
Event: 68.657 loading class sun/nio/cs/ThreadLocalCoders$1
Event: 68.657 loading class sun/nio/cs/ThreadLocalCoders$Cache
Event: 68.658 loading class sun/nio/cs/ThreadLocalCoders$Cache done
Event: 68.658 loading class sun/nio/cs/ThreadLocalCoders$1 done
Event: 68.658 loading class sun/nio/cs/ThreadLocalCoders$2
Event: 68.658 loading class sun/nio/cs/ThreadLocalCoders$2 done
Event: 68.888 loading class sun/reflect/generics/tree/IntSignature
Event: 68.888 loading class sun/reflect/generics/tree/IntSignature done
Event: 69.090 loading class jdk/internal/reflect/UnsafeLongFieldAccessorImpl
Event: 69.090 loading class jdk/internal/reflect/UnsafeLongFieldAccessorImpl done
Event: 69.101 loading class jdk/internal/reflect/UnsafeDoubleFieldAccessorImpl
Event: 69.101 loading class jdk/internal/reflect/UnsafeDoubleFieldAccessorImpl done


Dynamic libraries:
0x00007ff7c1cf0000 - 0x00007ff7c1cfe000 	C:\Users\ism_k\AppData\Local\Programs\Eclipse Adoptium\jdk-17.0.9.9-hotspot\bin\java.exe
0x00007ffa01230000 - 0x00007ffa01428000 	C:\WINDOWS\SYSTEM32\ntdll.dll
0x00007ff9ff530000 - 0x00007ff9ff5ed000 	C:\WINDOWS\System32\KERNEL32.DLL
0x00007ff9fea50000 - 0x00007ff9fed46000 	C:\WINDOWS\System32\KERNELBASE.dll
0x00007ff9fe8e0000 - 0x00007ff9fe9e0000 	C:\WINDOWS\System32\ucrtbase.dll
0x00007ff9ede90000 - 0x00007ff9edeab000 	C:\Users\ism_k\AppData\Local\Programs\Eclipse Adoptium\jdk-17.0.9.9-hotspot\bin\VCRUNTIME140.dll
0x00007ff9edeb0000 - 0x00007ff9edec7000 	C:\Users\ism_k\AppData\Local\Programs\Eclipse Adoptium\jdk-17.0.9.9-hotspot\bin\jli.dll
0x00007ff9ff390000 - 0x00007ff9ff52f000 	C:\WINDOWS\System32\USER32.dll
0x00007ff9feff0000 - 0x00007ff9ff012000 	C:\WINDOWS\System32\win32u.dll
0x00007ff9eca00000 - 0x00007ff9ecc9a000 	C:\WINDOWS\WinSxS\amd64_microsoft.windows.common-controls_6595b64144ccf1df_6.0.19041.3636_none_60b6a03d71f818d5\COMCTL32.dll
0x00007ffa000e0000 - 0x00007ffa0017e000 	C:\WINDOWS\System32\msvcrt.dll
0x00007ffa00470000 - 0x00007ffa0049b000 	C:\WINDOWS\System32\GDI32.dll
0x00007ff9ff0c0000 - 0x00007ff9ff1d7000 	C:\WINDOWS\System32\gdi32full.dll
0x00007ff9ff020000 - 0x00007ff9ff0bd000 	C:\WINDOWS\System32\msvcp_win.dll
0x00007ffa001a0000 - 0x00007ffa001d2000 	C:\WINDOWS\System32\IMM32.DLL
0x00007ff9f2560000 - 0x00007ff9f256c000 	C:\Users\ism_k\AppData\Local\Programs\Eclipse Adoptium\jdk-17.0.9.9-hotspot\bin\vcruntime140_1.dll
0x00007ff9ed970000 - 0x00007ff9ed9fd000 	C:\Users\ism_k\AppData\Local\Programs\Eclipse Adoptium\jdk-17.0.9.9-hotspot\bin\msvcp140.dll
0x00007ff983640000 - 0x00007ff9842a1000 	C:\Users\ism_k\AppData\Local\Programs\Eclipse Adoptium\jdk-17.0.9.9-hotspot\bin\server\jvm.dll
0x00007ffa00890000 - 0x00007ffa00940000 	C:\WINDOWS\System32\ADVAPI32.dll
0x00007ffa00240000 - 0x00007ffa002e0000 	C:\WINDOWS\System32\sechost.dll
0x00007ff9ff260000 - 0x00007ff9ff383000 	C:\WINDOWS\System32\RPCRT4.dll
0x00007ff9ff1e0000 - 0x00007ff9ff207000 	C:\WINDOWS\System32\bcrypt.dll
0x00007ff9fde30000 - 0x00007ff9fde7b000 	C:\WINDOWS\SYSTEM32\POWRPROF.dll
0x00007ff9e7ad0000 - 0x00007ff9e7ad9000 	C:\WINDOWS\SYSTEM32\WSOCK32.dll
0x00007ff9ec990000 - 0x00007ff9ec9b7000 	C:\WINDOWS\SYSTEM32\WINMM.dll
0x00007ffa00400000 - 0x00007ffa0046b000 	C:\WINDOWS\System32\WS2_32.dll
0x00007ff9ef960000 - 0x00007ff9ef96a000 	C:\WINDOWS\SYSTEM32\VERSION.dll
0x00007ff9fdca0000 - 0x00007ff9fdcb2000 	C:\WINDOWS\SYSTEM32\UMPDC.dll
0x00007ff9fd0c0000 - 0x00007ff9fd0d2000 	C:\WINDOWS\SYSTEM32\kernel.appcore.dll
0x00007ff9edcb0000 - 0x00007ff9edcba000 	C:\Users\ism_k\AppData\Local\Programs\Eclipse Adoptium\jdk-17.0.9.9-hotspot\bin\jimage.dll
0x00007ff9ea2a0000 - 0x00007ff9ea484000 	C:\WINDOWS\SYSTEM32\DBGHELP.DLL
0x00007ff9e9e80000 - 0x00007ff9e9eb4000 	C:\WINDOWS\SYSTEM32\dbgcore.DLL
0x00007ff9fee00000 - 0x00007ff9fee82000 	C:\WINDOWS\System32\bcryptPrimitives.dll
0x00007ff9ed910000 - 0x00007ff9ed94b000 	C:\Users\ism_k\AppData\Local\Programs\Eclipse Adoptium\jdk-17.0.9.9-hotspot\bin\jdwp.dll
0x00007ff9ed8e0000 - 0x00007ff9ed905000 	C:\Users\ism_k\AppData\Local\Programs\Eclipse Adoptium\jdk-17.0.9.9-hotspot\bin\java.dll
0x00007ff9e8430000 - 0x00007ff9e8507000 	C:\Users\ism_k\AppData\Local\Programs\Eclipse Adoptium\jdk-17.0.9.9-hotspot\bin\jsvml.dll
0x00007ff9ff7a0000 - 0x00007ff9fff0b000 	C:\WINDOWS\System32\SHELL32.dll
0x00007ff9fc860000 - 0x00007ff9fcffe000 	C:\WINDOWS\SYSTEM32\windows.storage.dll
0x00007ffa00a10000 - 0x00007ffa00d63000 	C:\WINDOWS\System32\combase.dll
0x00007ff9fe230000 - 0x00007ff9fe25e000 	C:\WINDOWS\SYSTEM32\Wldp.dll
0x00007ffa00650000 - 0x00007ffa0071d000 	C:\WINDOWS\System32\OLEAUT32.dll
0x00007ffa00720000 - 0x00007ffa007cd000 	C:\WINDOWS\System32\SHCORE.dll
0x00007ff9fff10000 - 0x00007ff9fff65000 	C:\WINDOWS\System32\shlwapi.dll
0x00007ff9fe810000 - 0x00007ff9fe833000 	C:\WINDOWS\SYSTEM32\profapi.dll
0x00007ff9eda80000 - 0x00007ff9eda8c000 	C:\Users\ism_k\AppData\Local\Programs\Eclipse Adoptium\jdk-17.0.9.9-hotspot\bin\dt_socket.dll
0x00007ff9fdcc0000 - 0x00007ff9fdcfb000 	C:\WINDOWS\SYSTEM32\IPHLPAPI.DLL
0x00007ff9fe010000 - 0x00007ff9fe07a000 	C:\WINDOWS\system32\mswsock.dll
0x00007ff9fdd10000 - 0x00007ff9fdddb000 	C:\WINDOWS\SYSTEM32\DNSAPI.dll
0x00007ffa011e0000 - 0x00007ffa011e8000 	C:\WINDOWS\System32\NSI.dll
0x00007ff9f4f40000 - 0x00007ff9f4f4a000 	C:\Windows\System32\rasadhlp.dll
0x00007ff9f3c80000 - 0x00007ff9f3d00000 	C:\WINDOWS\System32\fwpuclnt.dll
0x00007ff9ed8b0000 - 0x00007ff9ed8c9000 	C:\Users\ism_k\AppData\Local\Programs\Eclipse Adoptium\jdk-17.0.9.9-hotspot\bin\net.dll
0x00007ff9f4740000 - 0x00007ff9f484a000 	C:\WINDOWS\SYSTEM32\WINHTTP.dll
0x00007ff9ed890000 - 0x00007ff9ed8a6000 	C:\Users\ism_k\AppData\Local\Programs\Eclipse Adoptium\jdk-17.0.9.9-hotspot\bin\nio.dll
0x00007ff9e8410000 - 0x00007ff9e8428000 	C:\Users\ism_k\AppData\Local\Programs\Eclipse Adoptium\jdk-17.0.9.9-hotspot\bin\zip.dll
0x00007ff9fa070000 - 0x00007ff9fa07e000 	C:\Users\ism_k\AppData\Local\Programs\Eclipse Adoptium\jdk-17.0.9.9-hotspot\bin\sunmscapi.dll
0x00007ff9fee90000 - 0x00007ff9fefee000 	C:\WINDOWS\System32\CRYPT32.dll
0x00007ff9fe2a0000 - 0x00007ff9fe2c8000 	C:\WINDOWS\SYSTEM32\ncrypt.dll
0x00007ff9fe260000 - 0x00007ff9fe29b000 	C:\WINDOWS\SYSTEM32\NTASN1.dll
0x00007ff9fe580000 - 0x00007ff9fe598000 	C:\WINDOWS\SYSTEM32\CRYPTSP.dll
0x00007ff9fd8e0000 - 0x00007ff9fd914000 	C:\WINDOWS\system32\rsaenh.dll
0x00007ff9fe7d0000 - 0x00007ff9fe7fe000 	C:\WINDOWS\SYSTEM32\USERENV.dll
0x00007ff9fe1a0000 - 0x00007ff9fe1ac000 	C:\WINDOWS\SYSTEM32\CRYPTBASE.dll
0x00007ff9f5de0000 - 0x00007ff9f5df7000 	C:\WINDOWS\SYSTEM32\dhcpcsvc6.DLL
0x00007ff9f4f20000 - 0x00007ff9f4f3d000 	C:\WINDOWS\SYSTEM32\dhcpcsvc.DLL
0x00007ff9fa060000 - 0x00007ff9fa069000 	C:\Users\ism_k\AppData\Local\Programs\Eclipse Adoptium\jdk-17.0.9.9-hotspot\bin\management.dll
0x00007ff9f8cf0000 - 0x00007ff9f8cfb000 	C:\Users\ism_k\AppData\Local\Programs\Eclipse Adoptium\jdk-17.0.9.9-hotspot\bin\management_ext.dll
0x00007ffa00a00000 - 0x00007ffa00a08000 	C:\WINDOWS\System32\PSAPI.DLL
0x00007ff9f8360000 - 0x00007ff9f8370000 	C:\Users\ism_k\AppData\Local\Programs\Eclipse Adoptium\jdk-17.0.9.9-hotspot\bin\verify.dll
0x00007ff9f6700000 - 0x00007ff9f6707000 	C:\WINDOWS\system32\wshunix.dll

dbghelp: loaded successfully - version: 4.0.5 - missing functions: none
symbol engine: initialized successfully - sym options: 0x614 - pdb path: .;C:\Users\ism_k\AppData\Local\Programs\Eclipse Adoptium\jdk-17.0.9.9-hotspot\bin;C:\WINDOWS\SYSTEM32;C:\WINDOWS\WinSxS\amd64_microsoft.windows.common-controls_6595b64144ccf1df_6.0.19041.3636_none_60b6a03d71f818d5;C:\Users\ism_k\AppData\Local\Programs\Eclipse Adoptium\jdk-17.0.9.9-hotspot\bin\server

VM Arguments:
jvm_args: -agentlib:jdwp=transport=dt_socket,server=n,suspend=y,address=localhost:54650 -XX:+ShowCodeDetailsInExceptionMessages 
java_command: com.hotelapi.demo.HotelapiApplication
java_class_path (initial): C:\Users\ism_k\Desktop\SpringBoot\demo\target\classes;C:\Users\ism_k\.m2\repository\org\springframework\spring-web\6.1.6\spring-web-6.1.6.jar;C:\Users\ism_k\.m2\repository\org\springframework\spring-beans\6.1.5\spring-beans-6.1.5.jar;C:\Users\ism_k\.m2\repository\org\springframework\spring-core\6.1.5\spring-core-6.1.5.jar;C:\Users\ism_k\.m2\repository\org\springframework\spring-jcl\6.1.5\spring-jcl-6.1.5.jar;C:\Users\ism_k\.m2\repository\io\micrometer\micrometer-observation\1.12.4\micrometer-observation-1.12.4.jar;C:\Users\ism_k\.m2\repository\io\micrometer\micrometer-commons\1.12.4\micrometer-commons-1.12.4.jar;C:\Users\ism_k\.m2\repository\org\springframework\boot\spring-boot-starter-data-jpa\3.2.4\spring-boot-starter-data-jpa-3.2.4.jar;C:\Users\ism_k\.m2\repository\org\springframework\boot\spring-boot-starter-aop\3.2.4\spring-boot-starter-aop-3.2.4.jar;C:\Users\ism_k\.m2\repository\org\springframework\spring-aop\6.1.5\spring-aop-6.1.5.jar;C:\Users\ism_k\.m2\repository\org\aspectj\aspectjweaver\1.9.21\aspectjweaver-1.9.21.jar;C:\Users\ism_k\.m2\repository\org\springframework\boot\spring-boot-starter-jdbc\3.2.4\spring-boot-starter-jdbc-3.2.4.jar;C:\Users\ism_k\.m2\repository\com\zaxxer\HikariCP\5.0.1\HikariCP-5.0.1.jar;C:\Users\ism_k\.m2\repository\org\springframework\spring-jdbc\6.1.5\spring-jdbc-6.1.5.jar;C:\Users\ism_k\.m2\repository\org\hibernate\orm\hibernate-core\6.4.4.Final\hibernate-core-6.4.4.Final.jar;C:\Users\ism_k\.m2\repository\jakarta\persistence\jakarta.persistence-api\3.1.0\jakarta.persistence-api-3.1.0.jar;C:\Users\ism_k\.m2\repository\jakarta\transaction\jakarta.transaction-api\2.0.1\jakarta.transaction-api-2.0.1.jar;C:\Users\ism_k\.m2\repository\org\jboss\logging\jboss-logging\3.5.3.Final\jboss-logging-3.5.3.Final.jar;C:\Users\ism_k\.m2\repository\org\hibernate\common\hibernate-commons-annotations\6.0.6.Final\hibernate-commons-annotations-6.0.6.Final.jar;C:\Users\ism_k\.m2\repository\io\smallrye\jandex\3.1.2\jandex-3.
Launcher Type: SUN_STANDARD

[Global flags]
     intx CICompilerCount                          = 3                                         {product} {ergonomic}
     uint ConcGCThreads                            = 1                                         {product} {ergonomic}
     uint G1ConcRefinementThreads                  = 4                                         {product} {ergonomic}
   size_t G1HeapRegionSize                         = 2097152                                   {product} {ergonomic}
    uintx GCDrainStackTargetSize                   = 64                                        {product} {ergonomic}
   size_t InitialHeapSize                          = 247463936                                 {product} {ergonomic}
   size_t MarkStackSize                            = 4194304                                   {product} {ergonomic}
   size_t MaxHeapSize                              = 3930062848                                {product} {ergonomic}
   size_t MaxNewSize                               = 2357198848                                {product} {ergonomic}
   size_t MinHeapDeltaBytes                        = 2097152                                   {product} {ergonomic}
   size_t MinHeapSize                              = 8388608                                   {product} {ergonomic}
    uintx NonNMethodCodeHeapSize                   = 5832780                                {pd product} {ergonomic}
    uintx NonProfiledCodeHeapSize                  = 122912730                              {pd product} {ergonomic}
    uintx ProfiledCodeHeapSize                     = 122912730                              {pd product} {ergonomic}
    uintx ReservedCodeCacheSize                    = 251658240                              {pd product} {ergonomic}
     bool SegmentedCodeCache                       = true                                      {product} {ergonomic}
     bool ShowCodeDetailsInExceptionMessages       = true                                   {manageable} {command line}
   size_t SoftMaxHeapSize                          = 3930062848                             {manageable} {ergonomic}
     bool UseCompressedClassPointers               = true                           {product lp64_product} {ergonomic}
     bool UseCompressedOops                        = true                           {product lp64_product} {ergonomic}
     bool UseG1GC                                  = true                                      {product} {ergonomic}
     bool UseLargePagesIndividualAllocation        = false                                  {pd product} {ergonomic}

Logging:
Log output configuration:
 #0: stdout all=warning uptime,level,tags
 #1: stderr all=off uptime,level,tags

Environment Variables:
JAVA_HOME=C:\Users\ism_k\AppData\Local\Programs\Eclipse Adoptium\jdk-17.0.9.9-hotspot\
PATH=C:\Program Files\Eclipse Adoptium\jdk-21.0.2.13-hotspot\bin;C:\Program Files\Common Files\Oracle\Java\javapath;C:\Program Files\ImageMagick-7.1.1-Q16-HDRI;C:\WINDOWS\system32;C:\WINDOWS;C:\WINDOWS\System32\Wbem;C:\WINDOWS\System32\WindowsPowerShell\v1.0\;C:\WINDOWS\System32\OpenSSH\;C:\xampp\php;C:\Program Files\Git\cmd;C:\Program Files (x86)\Common Files\Intel\Shared Files\cpp\bin\Intel64;C:\Program Files (x86)\Calibre2\;C:\HashiCorp\Vagrant\bin;C:\Program Files\PuTTY\;C:\ProgramData\ComposerSetup\bin;C:\Program Files\nodejs\;C:\Program Files\FFmpeg\bin;C:\Program Files (x86)\HP\Common\HPDestPlgIn\;C:\Program Files\MySQL\MySQL Server 8.0\bin;C:\Program Files\PostgreSQL\16\bin;C:\Users\ism_k\AppData\Local\Programs\Eclipse Adoptium\jdk-17.0.9.9-hotspot\bin;C:\Users\ism_k\AppData\Local\Microsoft\WindowsApps;C:\Users\ism_k\AppData\Roaming\Composer\vendor\bin;C:\Users\ism_k\AppData\Roaming\npm;C:\Users\ism_k\AppData\Local\Programs\Microsoft VS Code\bin;C:\Program Files (x86)\HP\Common\HPDestPlgIn\
USERNAME=ism_k
LANG=en_US.UTF-8
OS=Windows_NT
PROCESSOR_IDENTIFIER=Intel64 Family 6 Model 61 Stepping 4, GenuineIntel
TMP=C:\Users\ism_k\AppData\Local\Temp
TEMP=C:\Users\ism_k\AppData\Local\Temp



Periodic native trim disabled


---------------  S Y S T E M  ---------------

OS:
 Windows 10 , 64 bit Build 19041 (10.0.19041.3636)
OS uptime: 0 days 0:45 hours
Hyper-V role detected

CPU: total 4 (initial active 4) (2 cores per cpu, 2 threads per core) family 6 model 61 stepping 4 microcode 0x2f, cx8, cmov, fxsr, ht, mmx, 3dnowpref, sse, sse2, sse3, ssse3, sse4.1, sse4.2, popcnt, lzcnt, tsc, tscinvbit, avx, avx2, aes, erms, clmul, bmi1, bmi2, rtm, adx, fma, vzeroupper, clflush, hv
Processor Information for all 4 processors :
  Max Mhz: 2601, Current Mhz: 2600, Mhz Limit: 2574

Memory: 4k page, system-wide physical 14987M (7438M free)
TotalPageFile size 17291M (AvailPageFile size 7932M)
current process WorkingSet (physical memory assigned to process): 292M, peak: 345M
current process commit charge ("private bytes"): 368M, peak: 431M

vm_info: OpenJDK 64-Bit Server VM (17.0.9+9) for windows-amd64 JRE (17.0.9+9), built on Oct 26 2023 14:01:42 by "admin" with MS VC++ 16.10 / 16.11 (VS2019)

END.
